2025-05-24 14:59:02,327 - source.repo_processing - DEBUG - Processing ICU from 003random
2025-05-24 14:59:02,327 - source.repo_processing - DEBUG - Using direct implementation for ICU
2025-05-24 14:59:02,328 - source.repo_processing - DEBUG - Determining date range for full history analysis of ICU
2025-05-24 14:59:03,494 - source.repo_processing - DEBUG - Extracted date range: 2018-03-29 09:58:06+02:00 to 2018-07-11 00:26:03+02:00
2025-05-24 14:59:03,494 - source.repo_processing - DEBUG - Estimating repository size for https://github.com/003random/ICU...
2025-05-24 14:59:03,517 - source.repo_processing - DEBUG - Repository size estimate: 43+ commits. Split recommendation: False
2025-05-24 14:59:03,517 - source.repo_processing - DEBUG - Processing ICU as a single unit...
2025-05-24 14:59:25,487 - source.repo_processing - DEBUG - Direct processing complete for ICU!
2025-05-24 14:59:25,497 - source.repo_processing - DEBUG - Processing heroku-test from 003random
2025-05-24 14:59:25,497 - source.repo_processing - DEBUG - Using direct implementation for heroku-test
2025-05-24 14:59:25,497 - source.repo_processing - DEBUG - Determining date range for full history analysis of heroku-test
2025-05-24 14:59:26,559 - source.repo_processing - DEBUG - Extracted date range: 2020-08-26 19:21:10+02:00 to 2020-08-26 19:21:10+02:00
2025-05-24 14:59:26,560 - source.repo_processing - DEBUG - Estimating repository size for https://github.com/003random/heroku-test...
2025-05-24 14:59:26,582 - source.repo_processing - DEBUG - Repository size estimate: 1+ commits. Split recommendation: False
2025-05-24 14:59:26,583 - source.repo_processing - DEBUG - Processing heroku-test as a single unit...
2025-05-24 14:59:27,904 - source.repo_processing - DEBUG - Direct processing complete for heroku-test!
2025-05-24 14:59:27,911 - source.repo_processing - DEBUG - Processing getJS from 003random
2025-05-24 14:59:27,911 - source.repo_processing - DEBUG - Using direct implementation for getJS
2025-05-24 14:59:27,911 - source.repo_processing - DEBUG - Determining date range for full history analysis of getJS
2025-05-24 14:59:29,085 - source.repo_processing - DEBUG - Extracted date range: 2018-11-09 17:51:58+01:00 to 2024-07-30 17:17:22+02:00
2025-05-24 14:59:29,085 - source.repo_processing - DEBUG - Estimating repository size for https://github.com/003random/getJS...
2025-05-24 14:59:29,108 - source.repo_processing - DEBUG - Repository size estimate: 55+ commits. Split recommendation: False
2025-05-24 14:59:29,109 - source.repo_processing - DEBUG - Processing getJS as a single unit...
2025-05-24 14:59:52,302 - source.repo_processing - DEBUG - Direct processing complete for getJS!
2025-05-24 14:59:52,314 - source.repo_processing - DEBUG - Processing sdto-test-gh.github.io from 003random
2025-05-24 14:59:52,314 - source.repo_processing - DEBUG - Using direct implementation for sdto-test-gh.github.io
2025-05-24 14:59:52,314 - source.repo_processing - DEBUG - Determining date range for full history analysis of sdto-test-gh.github.io
2025-05-24 14:59:53,419 - source.repo_processing - DEBUG - Extracted date range: 2020-08-27 00:33:31+02:00 to 2020-08-27 00:39:51+02:00
2025-05-24 14:59:53,419 - source.repo_processing - DEBUG - Estimating repository size for https://github.com/003random/sdto-test-gh.github.io...
2025-05-24 14:59:53,443 - source.repo_processing - DEBUG - Repository size estimate: 2+ commits. Split recommendation: False
2025-05-24 14:59:53,443 - source.repo_processing - DEBUG - Processing sdto-test-gh.github.io as a single unit...
2025-05-24 14:59:54,833 - source.repo_processing - DEBUG - Direct processing complete for sdto-test-gh.github.io!
2025-05-24 14:59:54,840 - source.repo_processing - DEBUG - Processing BonTemps from 003random
2025-05-24 14:59:54,841 - source.repo_processing - DEBUG - Using direct implementation for BonTemps
2025-05-24 14:59:54,841 - source.repo_processing - DEBUG - Determining date range for full history analysis of BonTemps
2025-05-24 14:59:58,326 - source.repo_processing - DEBUG - Extracted date range: 2017-12-07 21:58:03+01:00 to 2018-02-02 11:56:29+01:00
2025-05-24 14:59:58,326 - source.repo_processing - DEBUG - Estimating repository size for https://github.com/003random/BonTemps...
2025-05-24 14:59:58,352 - source.repo_processing - DEBUG - Repository size estimate: 100+ commits. Split recommendation: False
2025-05-24 14:59:58,352 - source.repo_processing - DEBUG - Processing BonTemps as a single unit...
2025-05-24 15:02:00,231 - source.repo_processing - DEBUG - Direct processing complete for BonTemps!
2025-05-24 15:02:00,442 - source.repo_processing - DEBUG - Processing 003random from 003random
2025-05-24 15:02:00,442 - source.repo_processing - DEBUG - Using direct implementation for 003random
2025-05-24 15:02:00,442 - source.repo_processing - DEBUG - Determining date range for full history analysis of 003random
2025-05-24 15:02:01,530 - source.repo_processing - DEBUG - Extracted date range: 2023-04-02 00:36:11+02:00 to 2023-04-02 00:37:42+02:00
2025-05-24 15:02:01,530 - source.repo_processing - DEBUG - Estimating repository size for https://github.com/003random/003random...
2025-05-24 15:02:01,558 - source.repo_processing - DEBUG - Repository size estimate: 2+ commits. Split recommendation: False
2025-05-24 15:02:01,559 - source.repo_processing - DEBUG - Processing 003random as a single unit...
2025-05-24 15:02:03,256 - source.repo_processing - DEBUG - Direct processing complete for 003random!
2025-05-24 15:02:03,275 - source.repo_processing - DEBUG - Processing 003Recon from 003random
2025-05-24 15:02:03,275 - source.repo_processing - DEBUG - Using direct implementation for 003Recon
2025-05-24 15:02:03,275 - source.repo_processing - DEBUG - Determining date range for full history analysis of 003Recon
2025-05-24 15:02:04,472 - source.repo_processing - DEBUG - Extracted date range: 2017-11-20 16:53:17+01:00 to 2018-06-05 18:24:33+00:00
2025-05-24 15:02:04,472 - source.repo_processing - DEBUG - Estimating repository size for https://github.com/003random/003Recon...
2025-05-24 15:02:04,508 - source.repo_processing - DEBUG - Repository size estimate: 86+ commits. Split recommendation: False
2025-05-24 15:02:04,509 - source.repo_processing - DEBUG - Processing 003Recon as a single unit...
2025-05-24 15:02:52,411 - source.repo_processing - DEBUG - Direct processing complete for 003Recon!
2025-05-24 15:02:52,430 - source.repo_processing - DEBUG - Processing 003random.github.io from 003random
2025-05-24 15:02:52,430 - source.repo_processing - DEBUG - Using direct implementation for 003random.github.io
2025-05-24 15:02:52,430 - source.repo_processing - DEBUG - Determining date range for full history analysis of 003random.github.io
2025-05-24 15:02:53,544 - source.repo_processing - DEBUG - Extracted date range: 2023-05-14 15:21:20+02:00 to 2023-12-12 19:39:45+01:00
2025-05-24 15:02:53,544 - source.repo_processing - DEBUG - Estimating repository size for https://github.com/003random/003random.github.io...
2025-05-24 15:02:53,569 - source.repo_processing - DEBUG - Repository size estimate: 5+ commits. Split recommendation: False
2025-05-24 15:02:53,569 - source.repo_processing - DEBUG - Processing 003random.github.io as a single unit...
2025-05-24 15:02:57,441 - source.repo_processing - DEBUG - Direct processing complete for 003random.github.io!
2025-05-24 15:02:57,457 - source.repo_processing - DEBUG - Processing loki from 003random
2025-05-24 15:02:57,457 - source.repo_processing - DEBUG - Using direct implementation for loki
2025-05-24 15:02:57,457 - source.repo_processing - DEBUG - Determining date range for full history analysis of loki
2025-05-24 15:02:58,686 - source.repo_processing - DEBUG - Extracted date range: 2022-04-01 13:47:41+00:00 to 2022-04-01 16:20:44+02:00
2025-05-24 15:02:58,686 - source.repo_processing - DEBUG - Estimating repository size for https://github.com/003random/loki...
2025-05-24 15:02:58,711 - source.repo_processing - DEBUG - Repository size estimate: 11+ commits. Split recommendation: False
2025-05-24 15:02:58,711 - source.repo_processing - DEBUG - Processing loki as a single unit...
2025-05-24 15:03:07,110 - source.repo_processing - DEBUG - Direct processing complete for loki!
2025-05-24 15:03:07,126 - source.repo_processing - DEBUG - Processing JavaProgrammingClass from 003random
2025-05-24 15:03:07,126 - source.repo_processing - DEBUG - Using direct implementation for JavaProgrammingClass
2025-05-24 15:03:07,126 - source.repo_processing - DEBUG - Determining date range for full history analysis of JavaProgrammingClass
2025-05-24 15:03:08,444 - source.repo_processing - DEBUG - Extracted date range: 2018-09-28 13:49:11+02:00 to 2018-10-09 13:32:31+02:00
2025-05-24 15:03:08,444 - source.repo_processing - DEBUG - Estimating repository size for https://github.com/003random/JavaProgrammingClass...
2025-05-24 15:03:08,469 - source.repo_processing - DEBUG - Repository size estimate: 3+ commits. Split recommendation: False
2025-05-24 15:03:08,470 - source.repo_processing - DEBUG - Processing JavaProgrammingClass as a single unit...
2025-05-24 15:03:12,068 - source.repo_processing - DEBUG - Direct processing complete for JavaProgrammingClass!
2025-05-24 15:03:12,092 - source.repo_processing - DEBUG - Processing online from 003random
2025-05-24 15:03:12,092 - source.repo_processing - DEBUG - Using direct implementation for online
2025-05-24 15:03:12,092 - source.repo_processing - DEBUG - Determining date range for full history analysis of online
2025-05-24 15:03:13,173 - source.repo_processing - DEBUG - Extracted date range: 2018-12-18 23:29:37+01:00 to 2019-12-23 22:54:06+01:00
2025-05-24 15:03:13,173 - source.repo_processing - DEBUG - Estimating repository size for https://github.com/003random/online...
2025-05-24 15:03:13,197 - source.repo_processing - DEBUG - Repository size estimate: 6+ commits. Split recommendation: False
2025-05-24 15:03:13,198 - source.repo_processing - DEBUG - Processing online as a single unit...
2025-05-24 15:03:17,235 - source.repo_processing - DEBUG - Direct processing complete for online!
2025-05-24 15:03:17,252 - source.repo_processing - DEBUG - Processing diff_test from 003random
2025-05-24 15:03:17,252 - source.repo_processing - DEBUG - Using direct implementation for diff_test
2025-05-24 15:03:17,252 - source.repo_processing - DEBUG - Determining date range for full history analysis of diff_test
2025-05-24 15:03:18,306 - source.repo_processing - DEBUG - Extracted date range: 2019-06-01 22:48:48+02:00 to 2019-06-01 22:48:58+02:00
2025-05-24 15:03:18,306 - source.repo_processing - DEBUG - Estimating repository size for https://github.com/003random/diff_test...
2025-05-24 15:03:18,330 - source.repo_processing - DEBUG - Repository size estimate: 2+ commits. Split recommendation: False
2025-05-24 15:03:18,331 - source.repo_processing - DEBUG - Processing diff_test as a single unit...
2025-05-24 15:03:19,707 - source.repo_processing - DEBUG - Direct processing complete for diff_test!
2025-05-24 15:03:19,725 - source.repo_processing - DEBUG - Processing csp from 003random
2025-05-24 15:03:19,725 - source.repo_processing - DEBUG - Using direct implementation for csp
2025-05-24 15:03:19,725 - source.repo_processing - DEBUG - Determining date range for full history analysis of csp
2025-05-24 15:03:20,884 - source.repo_processing - DEBUG - Extracted date range: 2019-10-14 13:51:06+02:00 to 2019-10-14 15:01:00+02:00
2025-05-24 15:03:20,884 - source.repo_processing - DEBUG - Estimating repository size for https://github.com/003random/csp...
2025-05-24 15:03:20,910 - source.repo_processing - DEBUG - Repository size estimate: 6+ commits. Split recommendation: False
2025-05-24 15:03:20,910 - source.repo_processing - DEBUG - Processing csp as a single unit...
2025-05-24 15:03:22,921 - source.repo_processing - DEBUG - Direct processing complete for csp!
2025-05-24 15:03:22,940 - source.repo_processing - DEBUG - Processing netlify from 003random
2025-05-24 15:03:22,940 - source.repo_processing - DEBUG - Using direct implementation for netlify
2025-05-24 15:03:22,940 - source.repo_processing - DEBUG - Determining date range for full history analysis of netlify
2025-05-24 15:03:24,194 - source.repo_processing - DEBUG - Extracted date range: 2024-01-29 18:22:53+01:00 to 2024-01-29 18:22:53+01:00
2025-05-24 15:03:24,195 - source.repo_processing - DEBUG - Estimating repository size for https://github.com/003random/netlify...
2025-05-24 15:03:24,219 - source.repo_processing - DEBUG - Repository size estimate: 1+ commits. Split recommendation: False
2025-05-24 15:03:24,219 - source.repo_processing - DEBUG - Processing netlify as a single unit...
2025-05-24 15:03:25,642 - source.repo_processing - DEBUG - Direct processing complete for netlify!
2025-05-24 15:03:25,664 - source.repo_processing - DEBUG - Processing PyScripts from 003random
2025-05-24 15:03:25,664 - source.repo_processing - DEBUG - Using direct implementation for PyScripts
2025-05-24 15:03:25,664 - source.repo_processing - DEBUG - Determining date range for full history analysis of PyScripts
2025-05-24 15:03:26,793 - source.repo_processing - DEBUG - Extracted date range: 2018-05-16 16:22:32+02:00 to 2018-05-16 17:11:08+02:00
2025-05-24 15:03:26,793 - source.repo_processing - DEBUG - Estimating repository size for https://github.com/003random/PyScripts...
2025-05-24 15:03:26,819 - source.repo_processing - DEBUG - Repository size estimate: 11+ commits. Split recommendation: False
2025-05-24 15:03:26,819 - source.repo_processing - DEBUG - Processing PyScripts as a single unit...
2025-05-24 15:03:29,480 - source.repo_processing - DEBUG - Direct processing complete for PyScripts!
