2025-05-22 21:31:28,325 - source.repo_processing - DEBUG - Processing 003random.github.io from 003random
2025-05-22 21:31:28,326 - source.repo_processing - DEBUG - Using direct implementation for 003random.github.io
2025-05-22 21:31:28,326 - source.repo_processing - DEBUG - Determining date range for full history analysis of 003random.github.io
2025-05-22 21:31:29,643 - source.repo_processing - DEBUG - Extracted date range: 2023-05-14 15:21:20+02:00 to 2023-12-12 19:39:45+01:00
2025-05-22 21:31:29,643 - source.repo_processing - DEBUG - Estimating repository size for https://github.com/003random/003random.github.io...
2025-05-22 21:31:29,666 - source.repo_processing - DEBUG - Repository size estimate: 5+ commits. Split recommendation: False
2025-05-22 21:31:29,666 - source.repo_processing - DEBUG - Processing 003random.github.io as a single unit...
2025-05-22 21:31:33,620 - source.repo_processing - DEBUG - Direct processing complete for 003random.github.io!
2025-05-22 21:31:33,626 - source.repo_processing - DEBUG - Processing csp from 003random
2025-05-22 21:31:33,626 - source.repo_processing - DEBUG - Using direct implementation for csp
2025-05-22 21:31:33,626 - source.repo_processing - DEBUG - Determining date range for full history analysis of csp
2025-05-22 21:31:34,957 - source.repo_processing - DEBUG - Extracted date range: 2019-10-14 13:51:06+02:00 to 2019-10-14 15:01:00+02:00
2025-05-22 21:31:34,957 - source.repo_processing - DEBUG - Estimating repository size for https://github.com/003random/csp...
2025-05-22 21:31:34,981 - source.repo_processing - DEBUG - Repository size estimate: 6+ commits. Split recommendation: False
2025-05-22 21:31:34,981 - source.repo_processing - DEBUG - Processing csp as a single unit...
2025-05-22 21:31:37,053 - source.repo_processing - DEBUG - Direct processing complete for csp!
2025-05-22 21:31:37,059 - source.repo_processing - DEBUG - Processing BonTemps from 003random
2025-05-22 21:31:37,059 - source.repo_processing - DEBUG - Using direct implementation for BonTemps
2025-05-22 21:31:37,059 - source.repo_processing - DEBUG - Determining date range for full history analysis of BonTemps
2025-05-22 21:33:56,118 - source.repo_processing - DEBUG - Extracted date range: 2017-12-07 21:58:03+01:00 to 2018-02-02 11:56:29+01:00
2025-05-22 21:33:56,119 - source.repo_processing - DEBUG - Estimating repository size for https://github.com/003random/BonTemps...
2025-05-22 21:33:56,146 - source.repo_processing - DEBUG - Repository size estimate: 100+ commits. Split recommendation: False
2025-05-22 21:33:56,146 - source.repo_processing - DEBUG - Processing BonTemps as a single unit...
2025-05-22 21:36:09,435 - source.repo_processing - DEBUG - Direct processing complete for BonTemps!
2025-05-22 21:36:09,759 - source.repo_processing - DEBUG - Processing getJS from 003random
2025-05-22 21:36:09,759 - source.repo_processing - DEBUG - Using direct implementation for getJS
2025-05-22 21:36:09,759 - source.repo_processing - DEBUG - Determining date range for full history analysis of getJS
2025-05-22 21:36:11,134 - source.repo_processing - DEBUG - Extracted date range: 2018-11-09 17:51:58+01:00 to 2024-07-30 17:17:22+02:00
2025-05-22 21:36:11,134 - source.repo_processing - DEBUG - Estimating repository size for https://github.com/003random/getJS...
2025-05-22 21:36:11,168 - source.repo_processing - DEBUG - Repository size estimate: 55+ commits. Split recommendation: False
2025-05-22 21:36:11,168 - source.repo_processing - DEBUG - Processing getJS as a single unit...
2025-05-22 21:36:33,378 - source.repo_processing - DEBUG - Direct processing complete for getJS!
2025-05-22 21:36:33,399 - source.repo_processing - DEBUG - Processing heroku-test from 003random
2025-05-22 21:36:33,399 - source.repo_processing - DEBUG - Using direct implementation for heroku-test
2025-05-22 21:36:33,399 - source.repo_processing - DEBUG - Determining date range for full history analysis of heroku-test
2025-05-22 21:36:34,480 - source.repo_processing - DEBUG - Extracted date range: 2020-08-26 19:21:10+02:00 to 2020-08-26 19:21:10+02:00
2025-05-22 21:36:34,480 - source.repo_processing - DEBUG - Estimating repository size for https://github.com/003random/heroku-test...
2025-05-22 21:36:34,510 - source.repo_processing - DEBUG - Repository size estimate: 1+ commits. Split recommendation: False
2025-05-22 21:36:34,510 - source.repo_processing - DEBUG - Processing heroku-test as a single unit...
2025-05-22 21:36:36,747 - source.repo_processing - DEBUG - Direct processing complete for heroku-test!
2025-05-22 21:36:36,763 - source.repo_processing - DEBUG - Processing 003Recon from 003random
2025-05-22 21:36:36,763 - source.repo_processing - DEBUG - Using direct implementation for 003Recon
2025-05-22 21:36:36,764 - source.repo_processing - DEBUG - Determining date range for full history analysis of 003Recon
2025-05-22 21:36:37,939 - source.repo_processing - DEBUG - Extracted date range: 2017-11-20 16:53:17+01:00 to 2018-06-05 18:24:33+00:00
2025-05-22 21:36:37,939 - source.repo_processing - DEBUG - Estimating repository size for https://github.com/003random/003Recon...
2025-05-22 21:36:37,973 - source.repo_processing - DEBUG - Repository size estimate: 86+ commits. Split recommendation: False
2025-05-22 21:36:37,973 - source.repo_processing - DEBUG - Processing 003Recon as a single unit...
2025-05-22 21:37:16,934 - source.repo_processing - DEBUG - Direct processing complete for 003Recon!
2025-05-22 21:37:16,951 - source.repo_processing - DEBUG - Processing ICU from 003random
2025-05-22 21:37:16,951 - source.repo_processing - DEBUG - Using direct implementation for ICU
2025-05-22 21:37:16,951 - source.repo_processing - DEBUG - Determining date range for full history analysis of ICU
2025-05-22 21:37:19,108 - source.repo_processing - DEBUG - Extracted date range: 2018-03-29 09:58:06+02:00 to 2018-07-11 00:26:03+02:00
2025-05-22 21:37:19,108 - source.repo_processing - DEBUG - Estimating repository size for https://github.com/003random/ICU...
2025-05-22 21:37:19,138 - source.repo_processing - DEBUG - Repository size estimate: 43+ commits. Split recommendation: False
2025-05-22 21:37:19,138 - source.repo_processing - DEBUG - Processing ICU as a single unit...
2025-05-22 21:37:40,901 - source.repo_processing - DEBUG - Direct processing complete for ICU!
2025-05-22 21:37:40,922 - source.repo_processing - DEBUG - Processing JavaProgrammingClass from 003random
2025-05-22 21:37:40,922 - source.repo_processing - DEBUG - Using direct implementation for JavaProgrammingClass
2025-05-22 21:37:40,922 - source.repo_processing - DEBUG - Determining date range for full history analysis of JavaProgrammingClass
2025-05-22 21:37:42,015 - source.repo_processing - DEBUG - Extracted date range: 2018-09-28 13:49:11+02:00 to 2018-10-09 13:32:31+02:00
2025-05-22 21:37:42,016 - source.repo_processing - DEBUG - Estimating repository size for https://github.com/003random/JavaProgrammingClass...
2025-05-22 21:37:42,042 - source.repo_processing - DEBUG - Repository size estimate: 3+ commits. Split recommendation: False
2025-05-22 21:37:42,042 - source.repo_processing - DEBUG - Processing JavaProgrammingClass as a single unit...
2025-05-22 21:37:45,449 - source.repo_processing - DEBUG - Direct processing complete for JavaProgrammingClass!
2025-05-22 21:37:45,473 - source.repo_processing - DEBUG - Processing online from 003random
2025-05-22 21:37:45,473 - source.repo_processing - DEBUG - Using direct implementation for online
2025-05-22 21:37:45,473 - source.repo_processing - DEBUG - Determining date range for full history analysis of online
2025-05-22 21:37:46,541 - source.repo_processing - DEBUG - Extracted date range: 2018-12-18 23:29:37+01:00 to 2019-12-23 22:54:06+01:00
2025-05-22 21:37:46,541 - source.repo_processing - DEBUG - Estimating repository size for https://github.com/003random/online...
2025-05-22 21:37:46,568 - source.repo_processing - DEBUG - Repository size estimate: 6+ commits. Split recommendation: False
2025-05-22 21:37:46,568 - source.repo_processing - DEBUG - Processing online as a single unit...
2025-05-22 21:37:50,271 - source.repo_processing - DEBUG - Direct processing complete for online!
2025-05-22 21:37:50,288 - source.repo_processing - DEBUG - Processing netlify from 003random
2025-05-22 21:37:50,288 - source.repo_processing - DEBUG - Using direct implementation for netlify
2025-05-22 21:37:50,288 - source.repo_processing - DEBUG - Determining date range for full history analysis of netlify
2025-05-22 21:37:51,423 - source.repo_processing - DEBUG - Extracted date range: 2024-01-29 18:22:53+01:00 to 2024-01-29 18:22:53+01:00
2025-05-22 21:37:51,423 - source.repo_processing - DEBUG - Estimating repository size for https://github.com/003random/netlify...
2025-05-22 21:37:51,452 - source.repo_processing - DEBUG - Repository size estimate: 1+ commits. Split recommendation: False
2025-05-22 21:37:51,453 - source.repo_processing - DEBUG - Processing netlify as a single unit...
2025-05-22 21:37:52,927 - source.repo_processing - DEBUG - Direct processing complete for netlify!
2025-05-22 21:37:52,954 - source.repo_processing - DEBUG - Processing sdto-test-gh.github.io from 003random
2025-05-22 21:37:52,954 - source.repo_processing - DEBUG - Using direct implementation for sdto-test-gh.github.io
2025-05-22 21:37:52,955 - source.repo_processing - DEBUG - Determining date range for full history analysis of sdto-test-gh.github.io
2025-05-22 21:37:55,995 - source.repo_processing - DEBUG - Extracted date range: 2020-08-27 00:33:31+02:00 to 2020-08-27 00:39:51+02:00
2025-05-22 21:37:55,995 - source.repo_processing - DEBUG - Estimating repository size for https://github.com/003random/sdto-test-gh.github.io...
2025-05-22 21:37:56,023 - source.repo_processing - DEBUG - Repository size estimate: 2+ commits. Split recommendation: False
2025-05-22 21:37:56,023 - source.repo_processing - DEBUG - Processing sdto-test-gh.github.io as a single unit...
2025-05-22 21:37:57,433 - source.repo_processing - DEBUG - Direct processing complete for sdto-test-gh.github.io!
2025-05-22 21:37:57,451 - source.repo_processing - DEBUG - Processing 003random from 003random
2025-05-22 21:37:57,451 - source.repo_processing - DEBUG - Using direct implementation for 003random
2025-05-22 21:37:57,451 - source.repo_processing - DEBUG - Determining date range for full history analysis of 003random
2025-05-22 21:37:58,542 - source.repo_processing - DEBUG - Extracted date range: 2023-04-02 00:36:11+02:00 to 2023-04-02 00:37:42+02:00
2025-05-22 21:37:58,543 - source.repo_processing - DEBUG - Estimating repository size for https://github.com/003random/003random...
2025-05-22 21:37:58,573 - source.repo_processing - DEBUG - Repository size estimate: 2+ commits. Split recommendation: False
2025-05-22 21:37:58,574 - source.repo_processing - DEBUG - Processing 003random as a single unit...
2025-05-22 21:37:59,988 - source.repo_processing - DEBUG - Direct processing complete for 003random!
2025-05-22 21:38:00,008 - source.repo_processing - DEBUG - Processing PyScripts from 003random
2025-05-22 21:38:00,008 - source.repo_processing - DEBUG - Using direct implementation for PyScripts
2025-05-22 21:38:00,008 - source.repo_processing - DEBUG - Determining date range for full history analysis of PyScripts
2025-05-22 21:38:01,061 - source.repo_processing - DEBUG - Extracted date range: 2018-05-16 16:22:32+02:00 to 2018-05-16 17:11:08+02:00
2025-05-22 21:38:01,061 - source.repo_processing - DEBUG - Estimating repository size for https://github.com/003random/PyScripts...
2025-05-22 21:38:01,091 - source.repo_processing - DEBUG - Repository size estimate: 11+ commits. Split recommendation: False
2025-05-22 21:38:01,091 - source.repo_processing - DEBUG - Processing PyScripts as a single unit...
2025-05-22 21:38:03,983 - source.repo_processing - DEBUG - Direct processing complete for PyScripts!
2025-05-22 21:38:04,001 - source.repo_processing - DEBUG - Processing diff_test from 003random
2025-05-22 21:38:04,002 - source.repo_processing - DEBUG - Using direct implementation for diff_test
2025-05-22 21:38:04,002 - source.repo_processing - DEBUG - Determining date range for full history analysis of diff_test
2025-05-22 21:38:05,035 - source.repo_processing - DEBUG - Extracted date range: 2019-06-01 22:48:48+02:00 to 2019-06-01 22:48:58+02:00
2025-05-22 21:38:05,035 - source.repo_processing - DEBUG - Estimating repository size for https://github.com/003random/diff_test...
2025-05-22 21:38:05,062 - source.repo_processing - DEBUG - Repository size estimate: 2+ commits. Split recommendation: False
2025-05-22 21:38:05,062 - source.repo_processing - DEBUG - Processing diff_test as a single unit...
2025-05-22 21:38:06,467 - source.repo_processing - DEBUG - Direct processing complete for diff_test!
2025-05-22 21:38:06,491 - source.repo_processing - DEBUG - Processing loki from 003random
2025-05-22 21:38:06,491 - source.repo_processing - DEBUG - Using direct implementation for loki
2025-05-22 21:38:06,491 - source.repo_processing - DEBUG - Determining date range for full history analysis of loki
2025-05-22 21:38:07,610 - source.repo_processing - DEBUG - Extracted date range: 2022-04-01 13:47:41+00:00 to 2022-04-01 16:20:44+02:00
2025-05-22 21:38:07,610 - source.repo_processing - DEBUG - Estimating repository size for https://github.com/003random/loki...
2025-05-22 21:38:07,637 - source.repo_processing - DEBUG - Repository size estimate: 11+ commits. Split recommendation: False
2025-05-22 21:38:07,638 - source.repo_processing - DEBUG - Processing loki as a single unit...
2025-05-22 21:38:14,877 - source.repo_processing - DEBUG - Direct processing complete for loki!
2025-05-22 21:38:15,786 - source.repo_processing - DEBUG - Processing ao_plugin_ex from 00JCIV00
2025-05-22 21:38:15,787 - source.repo_processing - DEBUG - Using direct implementation for ao_plugin_ex
2025-05-22 21:38:15,787 - source.repo_processing - DEBUG - Determining date range for full history analysis of ao_plugin_ex
2025-05-22 21:38:16,905 - source.repo_processing - DEBUG - Extracted date range: 2024-02-18 12:44:02-05:00 to 2024-02-18 12:50:13-05:00
2025-05-22 21:38:16,905 - source.repo_processing - DEBUG - Estimating repository size for https://github.com/00JCIV00/ao_plugin_ex...
2025-05-22 21:38:16,932 - source.repo_processing - DEBUG - Repository size estimate: 1+ commits. Split recommendation: False
2025-05-22 21:38:16,933 - source.repo_processing - DEBUG - Processing ao_plugin_ex as a single unit...
2025-05-22 21:38:18,191 - source.repo_processing - DEBUG - Direct processing complete for ao_plugin_ex!
2025-05-22 21:38:18,199 - source.repo_processing - DEBUG - Processing AoC_Kotlin from 00JCIV00
2025-05-22 21:38:18,199 - source.repo_processing - DEBUG - Using direct implementation for AoC_Kotlin
2025-05-22 21:38:18,199 - source.repo_processing - DEBUG - Determining date range for full history analysis of AoC_Kotlin
2025-05-22 21:38:19,420 - source.repo_processing - DEBUG - Extracted date range: 2022-12-15 18:47:07-05:00 to 2023-01-04 18:30:26-05:00
2025-05-22 21:38:19,420 - source.repo_processing - DEBUG - Estimating repository size for https://github.com/00JCIV00/AoC_Kotlin...
2025-05-22 21:38:19,448 - source.repo_processing - DEBUG - Repository size estimate: 16+ commits. Split recommendation: False
2025-05-22 21:38:19,449 - source.repo_processing - DEBUG - Processing AoC_Kotlin as a single unit...
2025-05-22 21:38:29,747 - source.repo_processing - DEBUG - Direct processing complete for AoC_Kotlin!
2025-05-22 21:38:29,760 - source.repo_processing - DEBUG - Processing gps-append-tool from 00JCIV00
2025-05-22 21:38:29,760 - source.repo_processing - DEBUG - Using direct implementation for gps-append-tool
2025-05-22 21:38:29,760 - source.repo_processing - DEBUG - Determining date range for full history analysis of gps-append-tool
2025-05-22 21:38:30,950 - source.repo_processing - DEBUG - Extracted date range: 2022-07-06 19:09:41-04:00 to 2022-07-21 00:10:05-04:00
2025-05-22 21:38:30,950 - source.repo_processing - DEBUG - Estimating repository size for https://github.com/00JCIV00/gps-append-tool...
2025-05-22 21:38:30,979 - source.repo_processing - DEBUG - Repository size estimate: 15+ commits. Split recommendation: False
2025-05-22 21:38:30,979 - source.repo_processing - DEBUG - Processing gps-append-tool as a single unit...
2025-05-22 21:38:40,595 - source.repo_processing - DEBUG - Direct processing complete for gps-append-tool!
2025-05-22 21:38:40,605 - source.repo_processing - DEBUG - Processing ncurses_zig_tutorial from 00JCIV00
2025-05-22 21:38:40,605 - source.repo_processing - DEBUG - Using direct implementation for ncurses_zig_tutorial
2025-05-22 21:38:40,605 - source.repo_processing - DEBUG - Determining date range for full history analysis of ncurses_zig_tutorial
2025-05-22 21:38:41,708 - source.repo_processing - DEBUG - Extracted date range: 2023-12-17 12:15:22-05:00 to 2023-12-22 04:58:01-05:00
2025-05-22 21:38:41,708 - source.repo_processing - DEBUG - Estimating repository size for https://github.com/00JCIV00/ncurses_zig_tutorial...
2025-05-22 21:38:41,738 - source.repo_processing - DEBUG - Repository size estimate: 5+ commits. Split recommendation: False
2025-05-22 21:38:41,738 - source.repo_processing - DEBUG - Processing ncurses_zig_tutorial as a single unit...
2025-05-22 21:38:46,063 - source.repo_processing - DEBUG - Direct processing complete for ncurses_zig_tutorial!
2025-05-22 21:38:46,070 - source.repo_processing - DEBUG - Processing cova from 00JCIV00
2025-05-22 21:38:46,070 - source.repo_processing - DEBUG - Using direct implementation for cova
2025-05-22 21:38:46,070 - source.repo_processing - DEBUG - Determining date range for full history analysis of cova
2025-05-22 21:38:58,164 - source.repo_processing - DEBUG - Extracted date range: 2023-05-02 19:42:14-04:00 to 2025-04-27 10:56:31+03:00
2025-05-22 21:38:58,165 - source.repo_processing - DEBUG - Estimating repository size for https://github.com/00JCIV00/cova...
2025-05-22 21:38:58,196 - source.repo_processing - DEBUG - Repository size estimate: 100+ commits. Split recommendation: False
2025-05-22 21:38:58,196 - source.repo_processing - DEBUG - Processing cova as a single unit...
2025-05-22 22:16:09,516 - source.repo_processing - DEBUG - Direct processing complete for cova!
2025-05-22 22:16:17,140 - source.repo_processing - DEBUG - Processing aoc_2023_zig from 00JCIV00
2025-05-22 22:16:17,140 - source.repo_processing - DEBUG - Using direct implementation for aoc_2023_zig
2025-05-22 22:16:17,140 - source.repo_processing - DEBUG - Determining date range for full history analysis of aoc_2023_zig
2025-05-22 22:16:18,336 - source.repo_processing - DEBUG - Extracted date range: 2023-12-01 11:47:08-05:00 to 2023-12-05 01:29:37-05:00
2025-05-22 22:16:18,336 - source.repo_processing - DEBUG - Estimating repository size for https://github.com/00JCIV00/aoc_2023_zig...
2025-05-22 22:16:18,376 - source.repo_processing - DEBUG - Repository size estimate: 5+ commits. Split recommendation: False
2025-05-22 22:16:18,377 - source.repo_processing - DEBUG - Processing aoc_2023_zig as a single unit...
2025-05-22 22:16:24,132 - source.repo_processing - DEBUG - Direct processing complete for aoc_2023_zig!
2025-05-22 22:16:24,271 - source.repo_processing - DEBUG - Processing mod-shell from 00JCIV00
2025-05-22 22:16:24,271 - source.repo_processing - DEBUG - Using direct implementation for mod-shell
2025-05-22 22:16:24,271 - source.repo_processing - DEBUG - Determining date range for full history analysis of mod-shell
2025-05-22 22:16:25,413 - source.repo_processing - DEBUG - Extracted date range: 2023-08-02 15:27:32-04:00 to 2023-08-06 21:50:35-04:00
2025-05-22 22:16:25,414 - source.repo_processing - DEBUG - Estimating repository size for https://github.com/00JCIV00/mod-shell...
2025-05-22 22:16:25,453 - source.repo_processing - DEBUG - Repository size estimate: 10+ commits. Split recommendation: False
2025-05-22 22:16:25,454 - source.repo_processing - DEBUG - Processing mod-shell as a single unit...
2025-05-22 22:16:33,376 - source.repo_processing - DEBUG - Direct processing complete for mod-shell!
2025-05-22 22:16:33,514 - source.repo_processing - DEBUG - Processing zing from 00JCIV00
2025-05-22 22:16:33,514 - source.repo_processing - DEBUG - Using direct implementation for zing
2025-05-22 22:16:33,514 - source.repo_processing - DEBUG - Determining date range for full history analysis of zing
2025-05-22 22:16:35,257 - source.repo_processing - DEBUG - Extracted date range: 2023-03-18 22:52:34-04:00 to 2024-02-04 00:53:51-05:00
2025-05-22 22:16:35,257 - source.repo_processing - DEBUG - Estimating repository size for https://github.com/00JCIV00/zing...
2025-05-22 22:16:35,299 - source.repo_processing - DEBUG - Repository size estimate: 87+ commits. Split recommendation: False
2025-05-22 22:16:35,299 - source.repo_processing - DEBUG - Processing zing as a single unit...
2025-05-22 22:17:50,861 - source.repo_processing - DEBUG - Direct processing complete for zing!
2025-05-22 22:17:51,062 - source.repo_processing - DEBUG - Processing Easy-CES-Installs from 00JCIV00
2025-05-22 22:17:51,062 - source.repo_processing - DEBUG - Using direct implementation for Easy-CES-Installs
2025-05-22 22:17:51,062 - source.repo_processing - DEBUG - Determining date range for full history analysis of Easy-CES-Installs
2025-05-22 22:17:52,231 - source.repo_processing - DEBUG - Extracted date range: 2022-02-08 07:34:30-05:00 to 2022-02-11 15:43:10-05:00
2025-05-22 22:17:52,231 - source.repo_processing - DEBUG - Estimating repository size for https://github.com/00JCIV00/Easy-CES-Installs...
2025-05-22 22:17:52,272 - source.repo_processing - DEBUG - Repository size estimate: 8+ commits. Split recommendation: False
2025-05-22 22:17:52,272 - source.repo_processing - DEBUG - Processing Easy-CES-Installs as a single unit...
2025-05-22 22:17:59,946 - source.repo_processing - DEBUG - Direct processing complete for Easy-CES-Installs!
2025-05-22 22:18:00,085 - source.repo_processing - DEBUG - Processing ziglearn from 00JCIV00
2025-05-22 22:18:00,085 - source.repo_processing - DEBUG - Using direct implementation for ziglearn
2025-05-22 22:18:00,085 - source.repo_processing - DEBUG - Determining date range for full history analysis of ziglearn
2025-05-22 22:18:01,804 - source.repo_processing - DEBUG - Extracted date range: 2023-02-27 21:30:02-05:00 to 2023-04-17 21:41:59-04:00
2025-05-22 22:18:01,804 - source.repo_processing - DEBUG - Estimating repository size for https://github.com/00JCIV00/ziglearn...
2025-05-22 22:18:01,863 - source.repo_processing - DEBUG - Repository size estimate: 30+ commits. Split recommendation: False
2025-05-22 22:18:01,864 - source.repo_processing - DEBUG - Processing ziglearn as a single unit...
2025-05-22 22:18:36,610 - source.repo_processing - DEBUG - Direct processing complete for ziglearn!
2025-05-22 22:18:36,795 - source.repo_processing - DEBUG - Processing savage_kompliments from 00JCIV00
2025-05-22 22:18:36,795 - source.repo_processing - DEBUG - Using direct implementation for savage_kompliments
2025-05-22 22:18:36,796 - source.repo_processing - DEBUG - Determining date range for full history analysis of savage_kompliments
2025-05-22 22:18:38,131 - source.repo_processing - DEBUG - Extracted date range: 2022-09-17 20:18:08-04:00 to 2022-09-18 14:54:00-04:00
2025-05-22 22:18:38,132 - source.repo_processing - DEBUG - Estimating repository size for https://github.com/00JCIV00/savage_kompliments...
2025-05-22 22:18:38,176 - source.repo_processing - DEBUG - Repository size estimate: 6+ commits. Split recommendation: False
2025-05-22 22:18:38,177 - source.repo_processing - DEBUG - Processing savage_kompliments as a single unit...
2025-05-22 22:18:44,316 - source.repo_processing - DEBUG - Direct processing complete for savage_kompliments!
2025-05-22 22:18:44,471 - source.repo_processing - DEBUG - Processing packt-lib from 00JCIV00
2025-05-22 22:18:44,471 - source.repo_processing - DEBUG - Using direct implementation for packt-lib
2025-05-22 22:18:44,471 - source.repo_processing - DEBUG - Determining date range for full history analysis of packt-lib
2025-05-22 22:18:45,602 - source.repo_processing - DEBUG - Extracted date range: 2023-02-19 09:42:39-05:00 to 2023-02-27 21:40:08-05:00
2025-05-22 22:18:45,602 - source.repo_processing - DEBUG - Estimating repository size for https://github.com/00JCIV00/packt-lib...
2025-05-22 22:18:45,645 - source.repo_processing - DEBUG - Repository size estimate: 11+ commits. Split recommendation: False
2025-05-22 22:18:45,645 - source.repo_processing - DEBUG - Processing packt-lib as a single unit...
2025-05-22 22:18:56,832 - source.repo_processing - DEBUG - Direct processing complete for packt-lib!
