2025-05-21 17:08:46,663 - __main__ - INFO - Setting Python recursion limit to: 20000
2025-05-21 17:08:46,664 - __main__ - INFO - Python recursion limit set to: 20000
2025-05-21 17:08:46,664 - __main__ - INFO - Loaded cache with 0 entries
2025-05-21 17:08:46,666 - source.project_finder - INFO - Found 1 usernames with a total of 2 repositories
2025-05-21 17:08:46,666 - __main__ - INFO - Found 1 users to analyze.
2025-05-21 17:08:46,666 - __main__ - INFO - Using 15 worker processes with parallel=True, split_large_repos=True
2025-05-21 17:08:46,670 - __main__ - INFO - Starting analysis of user: 050644zf (1/1)
2025-05-21 17:08:46,670 - source.file_filters - DEBUG - Checking file: https://github.com/050644zf/050644zf.github.io
2025-05-21 17:08:46,670 - source.file_filters - DEBUG - File passed filters: https://github.com/050644zf/050644zf.github.io
2025-05-21 17:08:46,670 - source.file_filters - DEBUG - Checking file: https://github.com/050644zf/ArknightsStoryTextReader
2025-05-21 17:08:46,670 - source.file_filters - DEBUG - File passed filters: https://github.com/050644zf/ArknightsStoryTextReader
2025-05-21 17:08:46,670 - __main__ - INFO - Analyzing 050644zf with 2 repositories
2025-05-21 17:08:46,671 - source.analysis - DEBUG - Using override output directory: H:\Py\GitIn\output\data\050644zf
2025-05-21 17:08:47,710 - source.analysis - DEBUG - Processing 050644zf.github.io...
2025-05-21 17:08:47,710 - source.analysis - DEBUG - Starting process_single_repo for 050644zf.github.io
2025-05-21 17:08:58,108 - source.metrics.aggregator - INFO - Traversing repository to collect metrics...
2025-05-21 17:09:01,138 - source.memory_scheduler - DEBUG - Memory check: Current usage 39.6%, Limit 85%
2025-05-21 17:09:10,728 - source.metrics.quality.test_doc_pct - DEBUG - Source code is None for CHANGELOG.md in commit ffa6e7e59c660317a4cc1902b8e6cd46d4991663 (before decoding). Treating as empty.
2025-05-21 17:09:10,728 - source.metrics.quality.test_doc_pct - DEBUG - Source code is None for CSStest.html in commit ffa6e7e59c660317a4cc1902b8e6cd46d4991663 (before decoding). Treating as empty.
2025-05-21 17:09:10,728 - source.metrics.quality.test_doc_pct - DEBUG - Source code is None for MaterialIcons-Regular.ttf in commit ffa6e7e59c660317a4cc1902b8e6cd46d4991663 (before decoding). Treating as empty.
2025-05-21 17:09:10,728 - source.metrics.quality.test_doc_pct - DEBUG - Source code is None for README.md in commit ffa6e7e59c660317a4cc1902b8e6cd46d4991663 (before decoding). Treating as empty.
2025-05-21 17:09:10,728 - source.metrics.quality.test_doc_pct - DEBUG - Source code is None for canvas.html in commit ffa6e7e59c660317a4cc1902b8e6cd46d4991663 (before decoding). Treating as empty.
2025-05-21 17:09:10,728 - source.metrics.quality.test_doc_pct - DEBUG - Source code is None for i18n.js in commit ffa6e7e59c660317a4cc1902b8e6cd46d4991663 (before decoding). Treating as empty.
2025-05-21 17:09:10,728 - source.metrics.quality.test_doc_pct - DEBUG - Source code is None for js.html in commit ffa6e7e59c660317a4cc1902b8e6cd46d4991663 (before decoding). Treating as empty.
2025-05-21 17:09:10,730 - source.metrics.quality.test_doc_pct - DEBUG - Source code is None for reader.css in commit ffa6e7e59c660317a4cc1902b8e6cd46d4991663 (before decoding). Treating as empty.
2025-05-21 17:09:10,730 - source.metrics.quality.test_doc_pct - DEBUG - Source code is None for reader.js in commit ffa6e7e59c660317a4cc1902b8e6cd46d4991663 (before decoding). Treating as empty.
2025-05-21 17:09:10,730 - source.metrics.quality.test_doc_pct - DEBUG - Source code is None for script.js in commit ffa6e7e59c660317a4cc1902b8e6cd46d4991663 (before decoding). Treating as empty.
2025-05-21 17:09:10,730 - source.metrics.quality.test_doc_pct - DEBUG - Source code is None for storymenu.html in commit ffa6e7e59c660317a4cc1902b8e6cd46d4991663 (before decoding). Treating as empty.
2025-05-21 17:09:10,730 - source.metrics.quality.test_doc_pct - DEBUG - Source code is None for style.css in commit ffa6e7e59c660317a4cc1902b8e6cd46d4991663 (before decoding). Treating as empty.
2025-05-21 17:09:10,730 - source.metrics.quality.test_doc_pct - DEBUG - Source code is None for template.html in commit ffa6e7e59c660317a4cc1902b8e6cd46d4991663 (before decoding). Treating as empty.
2025-05-21 17:09:10,731 - source.metrics.quality.test_doc_pct - DEBUG - Source code is None for test.html in commit ffa6e7e59c660317a4cc1902b8e6cd46d4991663 (before decoding). Treating as empty.
2025-05-21 17:09:10,731 - source.metrics.quality.test_doc_pct - DEBUG - Source code is None for test.js in commit ffa6e7e59c660317a4cc1902b8e6cd46d4991663 (before decoding). Treating as empty.
2025-05-21 17:09:10,731 - source.metrics.quality.test_doc_pct - DEBUG - Source code is None for testing.json in commit ffa6e7e59c660317a4cc1902b8e6cd46d4991663 (before decoding). Treating as empty.
2025-05-21 17:09:10,731 - source.metrics.quality.test_doc_pct - DEBUG - Source code is None for testing2.json in commit ffa6e7e59c660317a4cc1902b8e6cd46d4991663 (before decoding). Treating as empty.
2025-05-21 17:09:10,731 - source.metrics.quality.test_doc_pct - DEBUG - Source code is None for vue.html in commit ffa6e7e59c660317a4cc1902b8e6cd46d4991663 (before decoding). Treating as empty.
2025-05-21 17:09:13,393 - source.metrics.aggregator - DEBUG - Processed 14/14 commits
2025-05-21 17:09:13,532 - source.analysis - DEBUG - Finished process_single_repo for 050644zf.github.io
2025-05-21 17:09:13,555 - source.analysis - DEBUG - Processing ArknightsStoryTextReader...
2025-05-21 17:09:13,555 - source.analysis - DEBUG - Starting process_single_repo for ArknightsStoryTextReader
2025-05-21 17:13:16,465 - source.metrics.aggregator - INFO - Traversing repository to collect metrics...
2025-05-21 17:13:25,285 - source.memory_scheduler - DEBUG - Memory check: Current usage 40.7%, Limit 85%
2025-05-21 17:13:31,234 - source.metrics.quality.test_doc_pct - DEBUG - Source code is None for 6-13.csv in commit 7f5f6a06b4e5eb429a0a8f58ff98ab6f31ff3cc7 (before decoding). Treating as empty.
2025-05-21 17:13:31,675 - source.metrics.quality.test_doc_pct - DEBUG - Source code is None for 6-13.csv in commit 7f5f6a06b4e5eb429a0a8f58ff98ab6f31ff3cc7 (before decoding). Treating as empty.
2025-05-21 17:13:32,122 - source.metrics.quality.test_doc_pct - DEBUG - Source code is None for 6-1_BEG.csv in commit ddb04876f888d419a391f123474c84ef33c71d2f (before decoding). Treating as empty.
2025-05-21 17:13:32,558 - source.metrics.quality.test_doc_pct - DEBUG - Source code is None for 6-1_BEG.csv in commit ddb04876f888d419a391f123474c84ef33c71d2f (before decoding). Treating as empty.
2025-05-21 17:14:22,054 - source.metrics.quality.test_doc_pct - DEBUG - Source code is None for reader.js in commit 9750017c3fe3dcd41cc0025ba68babb92ecb6d36 (before decoding). Treating as empty.
2025-05-21 17:14:22,057 - source.metrics.quality.test_doc_pct - DEBUG - Source code is None for test.js in commit 9750017c3fe3dcd41cc0025ba68babb92ecb6d36 (before decoding). Treating as empty.
2025-05-21 17:14:22,646 - source.metrics.quality.test_doc_pct - DEBUG - Source code is None for reader.js in commit 9750017c3fe3dcd41cc0025ba68babb92ecb6d36 (before decoding). Treating as empty.
2025-05-21 17:14:22,649 - source.metrics.quality.test_doc_pct - DEBUG - Source code is None for test.js in commit 9750017c3fe3dcd41cc0025ba68babb92ecb6d36 (before decoding). Treating as empty.
2025-05-21 17:14:40,612 - source.metrics.quality.test_doc_pct - DEBUG - Source code is None for style.css in commit 74099374a18c59fadd6a4fa2a5f447bb21aa911e (before decoding). Treating as empty.
2025-05-21 17:14:41,113 - source.metrics.quality.test_doc_pct - DEBUG - Source code is None for style.css in commit 74099374a18c59fadd6a4fa2a5f447bb21aa911e (before decoding). Treating as empty.
2025-05-21 17:14:46,734 - source.metrics.quality.test_doc_pct - DEBUG - Source code is None for CSStest.html in commit fa438d141f3dd14f7adc863eb66d28d5b0e6d526 (before decoding). Treating as empty.
2025-05-21 17:14:46,734 - source.metrics.quality.test_doc_pct - DEBUG - Source code is None for canvas.html in commit fa438d141f3dd14f7adc863eb66d28d5b0e6d526 (before decoding). Treating as empty.
2025-05-21 17:14:46,734 - source.metrics.quality.test_doc_pct - DEBUG - Source code is None for js.html in commit fa438d141f3dd14f7adc863eb66d28d5b0e6d526 (before decoding). Treating as empty.
2025-05-21 17:14:46,734 - source.metrics.quality.test_doc_pct - DEBUG - Source code is None for reader.js in commit fa438d141f3dd14f7adc863eb66d28d5b0e6d526 (before decoding). Treating as empty.
2025-05-21 17:14:46,734 - source.metrics.quality.test_doc_pct - DEBUG - Source code is None for template.html in commit fa438d141f3dd14f7adc863eb66d28d5b0e6d526 (before decoding). Treating as empty.
2025-05-21 17:14:46,736 - source.metrics.quality.test_doc_pct - DEBUG - Source code is None for test.html in commit fa438d141f3dd14f7adc863eb66d28d5b0e6d526 (before decoding). Treating as empty.
2025-05-21 17:14:46,736 - source.metrics.quality.test_doc_pct - DEBUG - Source code is None for test.js in commit fa438d141f3dd14f7adc863eb66d28d5b0e6d526 (before decoding). Treating as empty.
2025-05-21 17:14:46,736 - source.metrics.quality.test_doc_pct - DEBUG - Source code is None for vue.html in commit fa438d141f3dd14f7adc863eb66d28d5b0e6d526 (before decoding). Treating as empty.
2025-05-21 17:14:46,737 - source.metrics.quality.test_doc_pct - DEBUG - Source code is None for MaterialIcons-Regular.ttf in commit fa438d141f3dd14f7adc863eb66d28d5b0e6d526 (before decoding). Treating as empty.
2025-05-21 17:14:46,745 - source.metrics.quality.test_doc_pct - DEBUG - Source code is None for App.vue in commit fa438d141f3dd14f7adc863eb66d28d5b0e6d526 (before decoding). Treating as empty.
2025-05-21 17:14:46,746 - source.metrics.quality.test_doc_pct - DEBUG - Source code is None for logo.png in commit fa438d141f3dd14f7adc863eb66d28d5b0e6d526 (before decoding). Treating as empty.
2025-05-21 17:14:46,746 - source.metrics.quality.test_doc_pct - DEBUG - Source code is None for HelloWorld.vue in commit fa438d141f3dd14f7adc863eb66d28d5b0e6d526 (before decoding). Treating as empty.
2025-05-21 17:14:47,743 - source.metrics.quality.test_doc_pct - DEBUG - Source code is None for CSStest.html in commit fa438d141f3dd14f7adc863eb66d28d5b0e6d526 (before decoding). Treating as empty.
2025-05-21 17:14:47,743 - source.metrics.quality.test_doc_pct - DEBUG - Source code is None for canvas.html in commit fa438d141f3dd14f7adc863eb66d28d5b0e6d526 (before decoding). Treating as empty.
2025-05-21 17:14:47,744 - source.metrics.quality.test_doc_pct - DEBUG - Source code is None for js.html in commit fa438d141f3dd14f7adc863eb66d28d5b0e6d526 (before decoding). Treating as empty.
2025-05-21 17:14:47,744 - source.metrics.quality.test_doc_pct - DEBUG - Source code is None for reader.js in commit fa438d141f3dd14f7adc863eb66d28d5b0e6d526 (before decoding). Treating as empty.
2025-05-21 17:14:47,744 - source.metrics.quality.test_doc_pct - DEBUG - Source code is None for template.html in commit fa438d141f3dd14f7adc863eb66d28d5b0e6d526 (before decoding). Treating as empty.
2025-05-21 17:14:47,745 - source.metrics.quality.test_doc_pct - DEBUG - Source code is None for test.html in commit fa438d141f3dd14f7adc863eb66d28d5b0e6d526 (before decoding). Treating as empty.
2025-05-21 17:14:47,745 - source.metrics.quality.test_doc_pct - DEBUG - Source code is None for test.js in commit fa438d141f3dd14f7adc863eb66d28d5b0e6d526 (before decoding). Treating as empty.
2025-05-21 17:14:47,745 - source.metrics.quality.test_doc_pct - DEBUG - Source code is None for vue.html in commit fa438d141f3dd14f7adc863eb66d28d5b0e6d526 (before decoding). Treating as empty.
2025-05-21 17:14:47,747 - source.metrics.quality.test_doc_pct - DEBUG - Source code is None for MaterialIcons-Regular.ttf in commit fa438d141f3dd14f7adc863eb66d28d5b0e6d526 (before decoding). Treating as empty.
2025-05-21 17:14:47,753 - source.metrics.quality.test_doc_pct - DEBUG - Source code is None for App.vue in commit fa438d141f3dd14f7adc863eb66d28d5b0e6d526 (before decoding). Treating as empty.
2025-05-21 17:14:47,755 - source.metrics.quality.test_doc_pct - DEBUG - Source code is None for logo.png in commit fa438d141f3dd14f7adc863eb66d28d5b0e6d526 (before decoding). Treating as empty.
2025-05-21 17:14:47,755 - source.metrics.quality.test_doc_pct - DEBUG - Source code is None for HelloWorld.vue in commit fa438d141f3dd14f7adc863eb66d28d5b0e6d526 (before decoding). Treating as empty.
2025-05-21 17:14:48,237 - source.metrics.quality.test_doc_pct - DEBUG - Source code is None for README.md in commit 4ef3725749ab237213075f1ed23aeab06d6cce6c (before decoding). Treating as empty.
2025-05-21 17:14:48,715 - source.metrics.quality.test_doc_pct - DEBUG - Source code is None for README.md in commit 4ef3725749ab237213075f1ed23aeab06d6cce6c (before decoding). Treating as empty.
2025-05-21 17:14:48,717 - source.metrics.aggregator - DEBUG - Processed 100/404 commits
2025-05-21 17:14:48,724 - source.memory_scheduler - DEBUG - Memory check: Current usage 39.7%, Limit 85%
2025-05-21 17:14:59,132 - source.metrics.quality.test_doc_pct - DEBUG - Source code is None for icon_branchline.png in commit ef3ff361363c2657b193979d477ab8226955fd0e (before decoding). Treating as empty.
2025-05-21 17:14:59,134 - source.metrics.quality.test_doc_pct - DEBUG - Source code is None for icon_default.png in commit ef3ff361363c2657b193979d477ab8226955fd0e (before decoding). Treating as empty.
2025-05-21 17:14:59,134 - source.metrics.quality.test_doc_pct - DEBUG - Source code is None for icon_mainline.png in commit ef3ff361363c2657b193979d477ab8226955fd0e (before decoding). Treating as empty.
2025-05-21 17:14:59,134 - source.metrics.quality.test_doc_pct - DEBUG - Source code is None for icon_ministory.png in commit ef3ff361363c2657b193979d477ab8226955fd0e (before decoding). Treating as empty.
2025-05-21 17:14:59,134 - source.metrics.quality.test_doc_pct - DEBUG - Source code is None for icon_ss.png in commit ef3ff361363c2657b193979d477ab8226955fd0e (before decoding). Treating as empty.
2025-05-21 17:14:59,983 - source.metrics.quality.test_doc_pct - DEBUG - Source code is None for icon_branchline.png in commit ef3ff361363c2657b193979d477ab8226955fd0e (before decoding). Treating as empty.
2025-05-21 17:14:59,983 - source.metrics.quality.test_doc_pct - DEBUG - Source code is None for icon_default.png in commit ef3ff361363c2657b193979d477ab8226955fd0e (before decoding). Treating as empty.
2025-05-21 17:14:59,983 - source.metrics.quality.test_doc_pct - DEBUG - Source code is None for icon_mainline.png in commit ef3ff361363c2657b193979d477ab8226955fd0e (before decoding). Treating as empty.
2025-05-21 17:14:59,983 - source.metrics.quality.test_doc_pct - DEBUG - Source code is None for icon_ministory.png in commit ef3ff361363c2657b193979d477ab8226955fd0e (before decoding). Treating as empty.
2025-05-21 17:14:59,983 - source.metrics.quality.test_doc_pct - DEBUG - Source code is None for icon_ss.png in commit ef3ff361363c2657b193979d477ab8226955fd0e (before decoding). Treating as empty.
2025-05-21 17:15:04,344 - source.metrics.quality.test_doc_pct - DEBUG - Source code is None for search.vue in commit a522c8a7b09be9bc79cc0d4aa122961a21d62364 (before decoding). Treating as empty.
2025-05-21 17:15:04,825 - source.metrics.quality.test_doc_pct - DEBUG - Source code is None for search.vue in commit a522c8a7b09be9bc79cc0d4aa122961a21d62364 (before decoding). Treating as empty.
2025-05-21 17:15:23,564 - source.metrics.quality.test_doc_pct - DEBUG - Source code is None for node.js.yml in commit 53c6b22fee071b6aef120d5f602f8267bf2b9a32 (before decoding). Treating as empty.
2025-05-21 17:15:24,054 - source.metrics.quality.test_doc_pct - DEBUG - Source code is None for node.js.yml in commit 53c6b22fee071b6aef120d5f602f8267bf2b9a32 (before decoding). Treating as empty.
2025-05-21 17:15:37,626 - source.metrics.quality.test_doc_pct - DEBUG - Source code is None for eventmenu.vue in commit 773e4888924da9cd3587f5dc31adeec22d69ae21 (before decoding). Treating as empty.
2025-05-21 17:15:37,626 - source.metrics.quality.test_doc_pct - DEBUG - Source code is None for storymenu.vue in commit 773e4888924da9cd3587f5dc31adeec22d69ae21 (before decoding). Treating as empty.
2025-05-21 17:15:38,431 - source.metrics.quality.test_doc_pct - DEBUG - Source code is None for eventmenu.vue in commit 773e4888924da9cd3587f5dc31adeec22d69ae21 (before decoding). Treating as empty.
2025-05-21 17:15:38,431 - source.metrics.quality.test_doc_pct - DEBUG - Source code is None for storymenu.vue in commit 773e4888924da9cd3587f5dc31adeec22d69ae21 (before decoding). Treating as empty.
2025-05-21 17:16:08,766 - source.metrics.aggregator - DEBUG - Processed 200/404 commits
2025-05-21 17:16:08,775 - source.memory_scheduler - DEBUG - Memory check: Current usage 40.0%, Limit 85%
2025-05-21 17:16:17,297 - source.metrics.quality.test_doc_pct - DEBUG - Source code is None for .travis.yml in commit cc186fb2ab381fac5b2654fc8b6a76e0a5c845a4 (before decoding). Treating as empty.
2025-05-21 17:16:17,297 - source.metrics.quality.test_doc_pct - DEBUG - Source code is None for README.md in commit cc186fb2ab381fac5b2654fc8b6a76e0a5c845a4 (before decoding). Treating as empty.
2025-05-21 17:16:17,297 - source.metrics.quality.test_doc_pct - DEBUG - Source code is None for README_cn.md in commit cc186fb2ab381fac5b2654fc8b6a76e0a5c845a4 (before decoding). Treating as empty.
2025-05-21 17:16:17,297 - source.metrics.quality.test_doc_pct - DEBUG - Source code is None for Tutorial.md in commit cc186fb2ab381fac5b2654fc8b6a76e0a5c845a4 (before decoding). Treating as empty.
2025-05-21 17:16:17,297 - source.metrics.quality.test_doc_pct - DEBUG - Source code is None for Tutorial_cn.md in commit cc186fb2ab381fac5b2654fc8b6a76e0a5c845a4 (before decoding). Treating as empty.
2025-05-21 17:16:17,299 - source.metrics.quality.test_doc_pct - DEBUG - Source code is None for archetype.py in commit cc186fb2ab381fac5b2654fc8b6a76e0a5c845a4 (before decoding). Treating as empty.
2025-05-21 17:16:17,299 - source.metrics.quality.test_doc_pct - DEBUG - Source code is None for charm.py in commit cc186fb2ab381fac5b2654fc8b6a76e0a5c845a4 (before decoding). Treating as empty.
2025-05-21 17:16:17,299 - source.metrics.quality.test_doc_pct - DEBUG - Source code is None for csvconvert.py in commit cc186fb2ab381fac5b2654fc8b6a76e0a5c845a4 (before decoding). Treating as empty.
2025-05-21 17:16:17,299 - source.metrics.quality.test_doc_pct - DEBUG - Source code is None for func.py in commit cc186fb2ab381fac5b2654fc8b6a76e0a5c845a4 (before decoding). Treating as empty.
2025-05-21 17:16:17,299 - source.metrics.quality.test_doc_pct - DEBUG - Source code is None for jsonconvert.py in commit cc186fb2ab381fac5b2654fc8b6a76e0a5c845a4 (before decoding). Treating as empty.
2025-05-21 17:16:17,299 - source.metrics.quality.test_doc_pct - DEBUG - Source code is None for module.py in commit cc186fb2ab381fac5b2654fc8b6a76e0a5c845a4 (before decoding). Treating as empty.
2025-05-21 17:16:17,299 - source.metrics.quality.test_doc_pct - DEBUG - Source code is None for news.py in commit cc186fb2ab381fac5b2654fc8b6a76e0a5c845a4 (before decoding). Treating as empty.
2025-05-21 17:16:17,299 - source.metrics.quality.test_doc_pct - DEBUG - Source code is None for relic.py in commit cc186fb2ab381fac5b2654fc8b6a76e0a5c845a4 (before decoding). Treating as empty.
2025-05-21 17:16:17,299 - source.metrics.quality.test_doc_pct - DEBUG - Source code is None for test.py in commit cc186fb2ab381fac5b2654fc8b6a76e0a5c845a4 (before decoding). Treating as empty.
2025-05-21 17:16:17,299 - source.metrics.quality.test_doc_pct - DEBUG - Source code is None for test_xlsxconvert.py in commit cc186fb2ab381fac5b2654fc8b6a76e0a5c845a4 (before decoding). Treating as empty.
2025-05-21 17:16:17,300 - source.metrics.quality.test_doc_pct - DEBUG - Source code is None for xlsxconvert.py in commit cc186fb2ab381fac5b2654fc8b6a76e0a5c845a4 (before decoding). Treating as empty.
2025-05-21 17:16:31,187 - source.metrics.quality.test_doc_pct - DEBUG - Source code is None for CHANGELOG.md in commit 01b25d90106ba9ac99c55784248d42ed8ec66372 (before decoding). Treating as empty.
2025-05-21 17:16:32,000 - source.metrics.quality.test_doc_pct - DEBUG - Source code is None for CHANGELOG.md in commit 01b25d90106ba9ac99c55784248d42ed8ec66372 (before decoding). Treating as empty.
2025-05-21 17:17:25,739 - source.metrics.quality.test_doc_pct - DEBUG - Source code is None for LICENSE in commit bf4eb66200f3bda1801b963d92f65259f749e11d (before decoding). Treating as empty.
2025-05-21 17:17:34,006 - source.metrics.aggregator - DEBUG - Processed 300/404 commits
2025-05-21 17:17:34,014 - source.memory_scheduler - DEBUG - Memory check: Current usage 40.0%, Limit 85%
2025-05-21 17:18:01,068 - source.metrics.quality.test_doc_pct - DEBUG - Source code is None for ASTR.svg in commit 62c9ce7bfcb435c4df0809d727f7591eb1563378 (before decoding). Treating as empty.
2025-05-21 17:18:01,068 - source.metrics.quality.test_doc_pct - DEBUG - Source code is None for ASTReader.png in commit 62c9ce7bfcb435c4df0809d727f7591eb1563378 (before decoding). Treating as empty.
2025-05-21 17:18:01,071 - source.metrics.quality.test_doc_pct - DEBUG - Source code is None for favicon.png in commit 62c9ce7bfcb435c4df0809d727f7591eb1563378 (before decoding). Treating as empty.
2025-05-21 17:18:01,094 - source.metrics.quality.test_doc_pct - DEBUG - Source code is None for design.md in commit 62c9ce7bfcb435c4df0809d727f7591eb1563378 (before decoding). Treating as empty.
2025-05-21 17:18:05,342 - source.metrics.quality.test_doc_pct - DEBUG - Source code is None for ASTR.svg in commit 62c9ce7bfcb435c4df0809d727f7591eb1563378 (before decoding). Treating as empty.
2025-05-21 17:18:05,342 - source.metrics.quality.test_doc_pct - DEBUG - Source code is None for ASTReader.png in commit 62c9ce7bfcb435c4df0809d727f7591eb1563378 (before decoding). Treating as empty.
2025-05-21 17:18:05,344 - source.metrics.quality.test_doc_pct - DEBUG - Source code is None for favicon.png in commit 62c9ce7bfcb435c4df0809d727f7591eb1563378 (before decoding). Treating as empty.
2025-05-21 17:18:05,369 - source.metrics.quality.test_doc_pct - DEBUG - Source code is None for design.md in commit 62c9ce7bfcb435c4df0809d727f7591eb1563378 (before decoding). Treating as empty.
2025-05-21 17:18:06,719 - source.metrics.quality.test_doc_pct - DEBUG - Source code is None for export.html in commit d93d1d09daddeb8885edfc999244be0e0a2df267 (before decoding). Treating as empty.
2025-05-21 17:18:06,719 - source.metrics.quality.test_doc_pct - DEBUG - Source code is None for legacy.html in commit d93d1d09daddeb8885edfc999244be0e0a2df267 (before decoding). Treating as empty.
2025-05-21 17:18:06,719 - source.metrics.quality.test_doc_pct - DEBUG - Source code is None for ASTR.vue in commit d93d1d09daddeb8885edfc999244be0e0a2df267 (before decoding). Treating as empty.
2025-05-21 17:18:06,719 - source.metrics.quality.test_doc_pct - DEBUG - Source code is None for MaterialIcons-Regular.ttf in commit d93d1d09daddeb8885edfc999244be0e0a2df267 (before decoding). Treating as empty.
2025-05-21 17:18:06,719 - source.metrics.quality.test_doc_pct - DEBUG - Source code is None for ak_terminal.ttf in commit d93d1d09daddeb8885edfc999244be0e0a2df267 (before decoding). Treating as empty.
2025-05-21 17:18:06,719 - source.metrics.quality.test_doc_pct - DEBUG - Source code is None for content.vue in commit d93d1d09daddeb8885edfc999244be0e0a2df267 (before decoding). Treating as empty.
2025-05-21 17:18:06,719 - source.metrics.quality.test_doc_pct - DEBUG - Source code is None for decision.vue in commit d93d1d09daddeb8885edfc999244be0e0a2df267 (before decoding). Treating as empty.
2025-05-21 17:18:06,719 - source.metrics.quality.test_doc_pct - DEBUG - Source code is None for delay.vue in commit d93d1d09daddeb8885edfc999244be0e0a2df267 (before decoding). Treating as empty.
2025-05-21 17:18:06,719 - source.metrics.quality.test_doc_pct - DEBUG - Source code is None for img.vue in commit d93d1d09daddeb8885edfc999244be0e0a2df267 (before decoding). Treating as empty.
2025-05-21 17:18:06,720 - source.metrics.quality.test_doc_pct - DEBUG - Source code is None for nameline.vue in commit d93d1d09daddeb8885edfc999244be0e0a2df267 (before decoding). Treating as empty.
2025-05-21 17:18:06,720 - source.metrics.quality.test_doc_pct - DEBUG - Source code is None for predicate.vue in commit d93d1d09daddeb8885edfc999244be0e0a2df267 (before decoding). Treating as empty.
2025-05-21 17:18:06,720 - source.metrics.quality.test_doc_pct - DEBUG - Source code is None for subtitle.vue in commit d93d1d09daddeb8885edfc999244be0e0a2df267 (before decoding). Treating as empty.
2025-05-21 17:18:06,720 - source.metrics.quality.test_doc_pct - DEBUG - Source code is None for func.js in commit d93d1d09daddeb8885edfc999244be0e0a2df267 (before decoding). Treating as empty.
2025-05-21 17:18:06,720 - source.metrics.quality.test_doc_pct - DEBUG - Source code is None for header.vue in commit d93d1d09daddeb8885edfc999244be0e0a2df267 (before decoding). Treating as empty.
2025-05-21 17:18:06,720 - source.metrics.quality.test_doc_pct - DEBUG - Source code is None for i18n.json in commit d93d1d09daddeb8885edfc999244be0e0a2df267 (before decoding). Treating as empty.
2025-05-21 17:18:06,720 - source.metrics.quality.test_doc_pct - DEBUG - Source code is None for menu.vue in commit d93d1d09daddeb8885edfc999244be0e0a2df267 (before decoding). Treating as empty.
2025-05-21 17:18:06,720 - source.metrics.quality.test_doc_pct - DEBUG - Source code is None for eventmenu.vue in commit d93d1d09daddeb8885edfc999244be0e0a2df267 (before decoding). Treating as empty.
2025-05-21 17:18:06,720 - source.metrics.quality.test_doc_pct - DEBUG - Source code is None for storymenu.vue in commit d93d1d09daddeb8885edfc999244be0e0a2df267 (before decoding). Treating as empty.
2025-05-21 17:18:06,720 - source.metrics.quality.test_doc_pct - DEBUG - Source code is None for menupage.vue in commit d93d1d09daddeb8885edfc999244be0e0a2df267 (before decoding). Treating as empty.
2025-05-21 17:18:06,720 - source.metrics.quality.test_doc_pct - DEBUG - Source code is None for eventmenu.vue in commit d93d1d09daddeb8885edfc999244be0e0a2df267 (before decoding). Treating as empty.
2025-05-21 17:18:06,721 - source.metrics.quality.test_doc_pct - DEBUG - Source code is None for intermezzi.vue in commit d93d1d09daddeb8885edfc999244be0e0a2df267 (before decoding). Treating as empty.
2025-05-21 17:18:06,721 - source.metrics.quality.test_doc_pct - DEBUG - Source code is None for maintheme.vue in commit d93d1d09daddeb8885edfc999244be0e0a2df267 (before decoding). Treating as empty.
2025-05-21 17:18:06,721 - source.metrics.quality.test_doc_pct - DEBUG - Source code is None for navibar.vue in commit d93d1d09daddeb8885edfc999244be0e0a2df267 (before decoding). Treating as empty.
2025-05-21 17:18:06,721 - source.metrics.quality.test_doc_pct - DEBUG - Source code is None for navitem.vue in commit d93d1d09daddeb8885edfc999244be0e0a2df267 (before decoding). Treating as empty.
2025-05-21 17:18:06,721 - source.metrics.quality.test_doc_pct - DEBUG - Source code is None for or.vue in commit d93d1d09daddeb8885edfc999244be0e0a2df267 (before decoding). Treating as empty.
2025-05-21 17:18:06,721 - source.metrics.quality.test_doc_pct - DEBUG - Source code is None for oritem.vue in commit d93d1d09daddeb8885edfc999244be0e0a2df267 (before decoding). Treating as empty.
2025-05-21 17:18:06,721 - source.metrics.quality.test_doc_pct - DEBUG - Source code is None for search.vue in commit d93d1d09daddeb8885edfc999244be0e0a2df267 (before decoding). Treating as empty.
2025-05-21 17:18:06,721 - source.metrics.quality.test_doc_pct - DEBUG - Source code is None for sidestory.vue in commit d93d1d09daddeb8885edfc999244be0e0a2df267 (before decoding). Treating as empty.
2025-05-21 17:18:06,721 - source.metrics.quality.test_doc_pct - DEBUG - Source code is None for storymenu.vue in commit d93d1d09daddeb8885edfc999244be0e0a2df267 (before decoding). Treating as empty.
2025-05-21 17:18:06,721 - source.metrics.quality.test_doc_pct - DEBUG - Source code is None for storyset.vue in commit d93d1d09daddeb8885edfc999244be0e0a2df267 (before decoding). Treating as empty.
2025-05-21 17:18:06,722 - source.metrics.quality.test_doc_pct - DEBUG - Source code is None for settings.vue in commit d93d1d09daddeb8885edfc999244be0e0a2df267 (before decoding). Treating as empty.
2025-05-21 17:18:06,722 - source.metrics.quality.test_doc_pct - DEBUG - Source code is None for style.css in commit d93d1d09daddeb8885edfc999244be0e0a2df267 (before decoding). Treating as empty.
2025-05-21 17:18:06,722 - source.metrics.quality.test_doc_pct - DEBUG - Source code is None for topbtn.vue in commit d93d1d09daddeb8885edfc999244be0e0a2df267 (before decoding). Treating as empty.
2025-05-21 17:18:06,722 - source.metrics.quality.test_doc_pct - DEBUG - Source code is None for ASTReader.png in commit d93d1d09daddeb8885edfc999244be0e0a2df267 (before decoding). Treating as empty.
2025-05-21 17:18:06,722 - source.metrics.quality.test_doc_pct - DEBUG - Source code is None for favicon.png in commit d93d1d09daddeb8885edfc999244be0e0a2df267 (before decoding). Treating as empty.
2025-05-21 17:18:06,723 - source.metrics.quality.test_doc_pct - DEBUG - Source code is None for analysis.png in commit d93d1d09daddeb8885edfc999244be0e0a2df267 (before decoding). Treating as empty.
2025-05-21 17:18:06,723 - source.metrics.quality.test_doc_pct - DEBUG - Source code is None for maintheme.png in commit d93d1d09daddeb8885edfc999244be0e0a2df267 (before decoding). Treating as empty.
2025-05-21 17:18:06,723 - source.metrics.quality.test_doc_pct - DEBUG - Source code is None for op.png in commit d93d1d09daddeb8885edfc999244be0e0a2df267 (before decoding). Treating as empty.
2025-05-21 17:18:06,725 - source.metrics.quality.test_doc_pct - DEBUG - Source code is None for main.js in commit d93d1d09daddeb8885edfc999244be0e0a2df267 (before decoding). Treating as empty.
2025-05-21 17:18:08,054 - source.metrics.quality.test_doc_pct - DEBUG - Source code is None for export.html in commit d93d1d09daddeb8885edfc999244be0e0a2df267 (before decoding). Treating as empty.
2025-05-21 17:18:08,054 - source.metrics.quality.test_doc_pct - DEBUG - Source code is None for legacy.html in commit d93d1d09daddeb8885edfc999244be0e0a2df267 (before decoding). Treating as empty.
2025-05-21 17:18:08,055 - source.metrics.quality.test_doc_pct - DEBUG - Source code is None for ASTR.vue in commit d93d1d09daddeb8885edfc999244be0e0a2df267 (before decoding). Treating as empty.
2025-05-21 17:18:08,055 - source.metrics.quality.test_doc_pct - DEBUG - Source code is None for MaterialIcons-Regular.ttf in commit d93d1d09daddeb8885edfc999244be0e0a2df267 (before decoding). Treating as empty.
2025-05-21 17:18:08,055 - source.metrics.quality.test_doc_pct - DEBUG - Source code is None for ak_terminal.ttf in commit d93d1d09daddeb8885edfc999244be0e0a2df267 (before decoding). Treating as empty.
2025-05-21 17:18:08,055 - source.metrics.quality.test_doc_pct - DEBUG - Source code is None for content.vue in commit d93d1d09daddeb8885edfc999244be0e0a2df267 (before decoding). Treating as empty.
2025-05-21 17:18:08,055 - source.metrics.quality.test_doc_pct - DEBUG - Source code is None for decision.vue in commit d93d1d09daddeb8885edfc999244be0e0a2df267 (before decoding). Treating as empty.
2025-05-21 17:18:08,055 - source.metrics.quality.test_doc_pct - DEBUG - Source code is None for delay.vue in commit d93d1d09daddeb8885edfc999244be0e0a2df267 (before decoding). Treating as empty.
2025-05-21 17:18:08,056 - source.metrics.quality.test_doc_pct - DEBUG - Source code is None for img.vue in commit d93d1d09daddeb8885edfc999244be0e0a2df267 (before decoding). Treating as empty.
2025-05-21 17:18:08,056 - source.metrics.quality.test_doc_pct - DEBUG - Source code is None for nameline.vue in commit d93d1d09daddeb8885edfc999244be0e0a2df267 (before decoding). Treating as empty.
2025-05-21 17:18:08,056 - source.metrics.quality.test_doc_pct - DEBUG - Source code is None for predicate.vue in commit d93d1d09daddeb8885edfc999244be0e0a2df267 (before decoding). Treating as empty.
2025-05-21 17:18:08,056 - source.metrics.quality.test_doc_pct - DEBUG - Source code is None for subtitle.vue in commit d93d1d09daddeb8885edfc999244be0e0a2df267 (before decoding). Treating as empty.
2025-05-21 17:18:08,056 - source.metrics.quality.test_doc_pct - DEBUG - Source code is None for func.js in commit d93d1d09daddeb8885edfc999244be0e0a2df267 (before decoding). Treating as empty.
2025-05-21 17:18:08,056 - source.metrics.quality.test_doc_pct - DEBUG - Source code is None for header.vue in commit d93d1d09daddeb8885edfc999244be0e0a2df267 (before decoding). Treating as empty.
2025-05-21 17:18:08,056 - source.metrics.quality.test_doc_pct - DEBUG - Source code is None for i18n.json in commit d93d1d09daddeb8885edfc999244be0e0a2df267 (before decoding). Treating as empty.
2025-05-21 17:18:08,056 - source.metrics.quality.test_doc_pct - DEBUG - Source code is None for menu.vue in commit d93d1d09daddeb8885edfc999244be0e0a2df267 (before decoding). Treating as empty.
2025-05-21 17:18:08,056 - source.metrics.quality.test_doc_pct - DEBUG - Source code is None for eventmenu.vue in commit d93d1d09daddeb8885edfc999244be0e0a2df267 (before decoding). Treating as empty.
2025-05-21 17:18:08,057 - source.metrics.quality.test_doc_pct - DEBUG - Source code is None for storymenu.vue in commit d93d1d09daddeb8885edfc999244be0e0a2df267 (before decoding). Treating as empty.
2025-05-21 17:18:08,057 - source.metrics.quality.test_doc_pct - DEBUG - Source code is None for menupage.vue in commit d93d1d09daddeb8885edfc999244be0e0a2df267 (before decoding). Treating as empty.
2025-05-21 17:18:08,057 - source.metrics.quality.test_doc_pct - DEBUG - Source code is None for eventmenu.vue in commit d93d1d09daddeb8885edfc999244be0e0a2df267 (before decoding). Treating as empty.
2025-05-21 17:18:08,057 - source.metrics.quality.test_doc_pct - DEBUG - Source code is None for intermezzi.vue in commit d93d1d09daddeb8885edfc999244be0e0a2df267 (before decoding). Treating as empty.
2025-05-21 17:18:08,057 - source.metrics.quality.test_doc_pct - DEBUG - Source code is None for maintheme.vue in commit d93d1d09daddeb8885edfc999244be0e0a2df267 (before decoding). Treating as empty.
2025-05-21 17:18:08,057 - source.metrics.quality.test_doc_pct - DEBUG - Source code is None for navibar.vue in commit d93d1d09daddeb8885edfc999244be0e0a2df267 (before decoding). Treating as empty.
2025-05-21 17:18:08,057 - source.metrics.quality.test_doc_pct - DEBUG - Source code is None for navitem.vue in commit d93d1d09daddeb8885edfc999244be0e0a2df267 (before decoding). Treating as empty.
2025-05-21 17:18:08,057 - source.metrics.quality.test_doc_pct - DEBUG - Source code is None for or.vue in commit d93d1d09daddeb8885edfc999244be0e0a2df267 (before decoding). Treating as empty.
2025-05-21 17:18:08,058 - source.metrics.quality.test_doc_pct - DEBUG - Source code is None for oritem.vue in commit d93d1d09daddeb8885edfc999244be0e0a2df267 (before decoding). Treating as empty.
2025-05-21 17:18:08,058 - source.metrics.quality.test_doc_pct - DEBUG - Source code is None for search.vue in commit d93d1d09daddeb8885edfc999244be0e0a2df267 (before decoding). Treating as empty.
2025-05-21 17:18:08,058 - source.metrics.quality.test_doc_pct - DEBUG - Source code is None for sidestory.vue in commit d93d1d09daddeb8885edfc999244be0e0a2df267 (before decoding). Treating as empty.
2025-05-21 17:18:08,058 - source.metrics.quality.test_doc_pct - DEBUG - Source code is None for storymenu.vue in commit d93d1d09daddeb8885edfc999244be0e0a2df267 (before decoding). Treating as empty.
2025-05-21 17:18:08,058 - source.metrics.quality.test_doc_pct - DEBUG - Source code is None for storyset.vue in commit d93d1d09daddeb8885edfc999244be0e0a2df267 (before decoding). Treating as empty.
2025-05-21 17:18:08,058 - source.metrics.quality.test_doc_pct - DEBUG - Source code is None for settings.vue in commit d93d1d09daddeb8885edfc999244be0e0a2df267 (before decoding). Treating as empty.
2025-05-21 17:18:08,058 - source.metrics.quality.test_doc_pct - DEBUG - Source code is None for style.css in commit d93d1d09daddeb8885edfc999244be0e0a2df267 (before decoding). Treating as empty.
2025-05-21 17:18:08,059 - source.metrics.quality.test_doc_pct - DEBUG - Source code is None for topbtn.vue in commit d93d1d09daddeb8885edfc999244be0e0a2df267 (before decoding). Treating as empty.
2025-05-21 17:18:08,059 - source.metrics.quality.test_doc_pct - DEBUG - Source code is None for ASTReader.png in commit d93d1d09daddeb8885edfc999244be0e0a2df267 (before decoding). Treating as empty.
2025-05-21 17:18:08,059 - source.metrics.quality.test_doc_pct - DEBUG - Source code is None for favicon.png in commit d93d1d09daddeb8885edfc999244be0e0a2df267 (before decoding). Treating as empty.
2025-05-21 17:18:08,059 - source.metrics.quality.test_doc_pct - DEBUG - Source code is None for analysis.png in commit d93d1d09daddeb8885edfc999244be0e0a2df267 (before decoding). Treating as empty.
2025-05-21 17:18:08,059 - source.metrics.quality.test_doc_pct - DEBUG - Source code is None for maintheme.png in commit d93d1d09daddeb8885edfc999244be0e0a2df267 (before decoding). Treating as empty.
2025-05-21 17:18:08,061 - source.metrics.quality.test_doc_pct - DEBUG - Source code is None for op.png in commit d93d1d09daddeb8885edfc999244be0e0a2df267 (before decoding). Treating as empty.
2025-05-21 17:18:08,062 - source.metrics.quality.test_doc_pct - DEBUG - Source code is None for main.js in commit d93d1d09daddeb8885edfc999244be0e0a2df267 (before decoding). Treating as empty.
2025-05-21 17:18:11,830 - source.metrics.quality.code_movement - WARNING - Could not retrieve source code for reader\src\ASTRv2\astr-i18n in commit c3037969383558378fb52966842dd9f58e68dd38: SHA b'4d39c9b22301204b5394eda3af1b74ca92ff3bd4' could not be resolved, git returned: b'4d39c9b22301204b5394eda3af1b74ca92ff3bd4 missing'
2025-05-21 17:18:11,962 - source.metrics.quality.test_doc_pct - DEBUG - Could not retrieve source code for astr-i18n (commit c3037969383558378fb52966842dd9f58e68dd38): SHA b'4d39c9b22301204b5394eda3af1b74ca92ff3bd4' could not be resolved, git returned: b'4d39c9b22301204b5394eda3af1b74ca92ff3bd4 missing'. Treating as empty.
2025-05-21 17:18:12,996 - source.metrics.quality.code_movement - WARNING - Could not retrieve source code for reader\src\ASTRv2\astr-i18n in commit c3037969383558378fb52966842dd9f58e68dd38: SHA b'4d39c9b22301204b5394eda3af1b74ca92ff3bd4' could not be resolved, git returned: b'4d39c9b22301204b5394eda3af1b74ca92ff3bd4 missing'
2025-05-21 17:18:13,127 - source.metrics.quality.test_doc_pct - DEBUG - Could not retrieve source code for astr-i18n (commit c3037969383558378fb52966842dd9f58e68dd38): SHA b'4d39c9b22301204b5394eda3af1b74ca92ff3bd4' could not be resolved, git returned: b'4d39c9b22301204b5394eda3af1b74ca92ff3bd4 missing'. Treating as empty.
2025-05-21 17:18:13,540 - source.metrics.quality.code_movement - WARNING - Could not retrieve source code for reader\src\ASTRv2\astr-i18n in commit 67e5f352896daad8f70331bf672f28fb39394794: SHA b'5bed38e6fc7cebaac415b25e2d0d087efc4125a2' could not be resolved, git returned: b'5bed38e6fc7cebaac415b25e2d0d087efc4125a2 missing'
2025-05-21 17:18:13,584 - source.metrics.quality.test_doc_pct - DEBUG - Could not retrieve source code for astr-i18n (commit 67e5f352896daad8f70331bf672f28fb39394794): SHA b'5bed38e6fc7cebaac415b25e2d0d087efc4125a2' could not be resolved, git returned: b'5bed38e6fc7cebaac415b25e2d0d087efc4125a2 missing'. Treating as empty.
2025-05-21 17:18:13,985 - source.metrics.quality.code_movement - WARNING - Could not retrieve source code for reader\src\ASTRv2\astr-i18n in commit 67e5f352896daad8f70331bf672f28fb39394794: SHA b'5bed38e6fc7cebaac415b25e2d0d087efc4125a2' could not be resolved, git returned: b'5bed38e6fc7cebaac415b25e2d0d087efc4125a2 missing'
2025-05-21 17:18:14,033 - source.metrics.quality.test_doc_pct - DEBUG - Could not retrieve source code for astr-i18n (commit 67e5f352896daad8f70331bf672f28fb39394794): SHA b'5bed38e6fc7cebaac415b25e2d0d087efc4125a2' could not be resolved, git returned: b'5bed38e6fc7cebaac415b25e2d0d087efc4125a2 missing'. Treating as empty.
2025-05-21 17:18:20,045 - source.metrics.quality.code_movement - WARNING - Could not retrieve source code for reader\src\ASTRv2\astr-i18n in commit c9d3ee0aacdccac007cc51bbdb3e800429422141: SHA b'8aef1411e89fa55805863c0318123442234d4c12' could not be resolved, git returned: b'8aef1411e89fa55805863c0318123442234d4c12 missing'
2025-05-21 17:18:20,106 - source.metrics.quality.test_doc_pct - DEBUG - Could not retrieve source code for astr-i18n (commit c9d3ee0aacdccac007cc51bbdb3e800429422141): SHA b'8aef1411e89fa55805863c0318123442234d4c12' could not be resolved, git returned: b'8aef1411e89fa55805863c0318123442234d4c12 missing'. Treating as empty.
2025-05-21 17:18:20,633 - source.metrics.quality.code_movement - WARNING - Could not retrieve source code for reader\src\ASTRv2\astr-i18n in commit c9d3ee0aacdccac007cc51bbdb3e800429422141: SHA b'8aef1411e89fa55805863c0318123442234d4c12' could not be resolved, git returned: b'8aef1411e89fa55805863c0318123442234d4c12 missing'
2025-05-21 17:18:20,696 - source.metrics.quality.test_doc_pct - DEBUG - Could not retrieve source code for astr-i18n (commit c9d3ee0aacdccac007cc51bbdb3e800429422141): SHA b'8aef1411e89fa55805863c0318123442234d4c12' could not be resolved, git returned: b'8aef1411e89fa55805863c0318123442234d4c12 missing'. Treating as empty.
2025-05-21 17:18:24,723 - source.metrics.quality.code_movement - WARNING - Could not retrieve source code for reader\src\ASTRv2\astr-i18n in commit 55bf4ef49447741102cd4224889af51f0e2e2b32: SHA b'15293b41bdd48fd5b87a31da41eeaaf9c5e66004' could not be resolved, git returned: b'15293b41bdd48fd5b87a31da41eeaaf9c5e66004 missing'
2025-05-21 17:18:24,770 - source.metrics.quality.test_doc_pct - DEBUG - Could not retrieve source code for astr-i18n (commit 55bf4ef49447741102cd4224889af51f0e2e2b32): SHA b'15293b41bdd48fd5b87a31da41eeaaf9c5e66004' could not be resolved, git returned: b'15293b41bdd48fd5b87a31da41eeaaf9c5e66004 missing'. Treating as empty.
2025-05-21 17:18:25,166 - source.metrics.quality.code_movement - WARNING - Could not retrieve source code for reader\src\ASTRv2\astr-i18n in commit 55bf4ef49447741102cd4224889af51f0e2e2b32: SHA b'15293b41bdd48fd5b87a31da41eeaaf9c5e66004' could not be resolved, git returned: b'15293b41bdd48fd5b87a31da41eeaaf9c5e66004 missing'
2025-05-21 17:18:25,212 - source.metrics.quality.test_doc_pct - DEBUG - Could not retrieve source code for astr-i18n (commit 55bf4ef49447741102cd4224889af51f0e2e2b32): SHA b'15293b41bdd48fd5b87a31da41eeaaf9c5e66004' could not be resolved, git returned: b'15293b41bdd48fd5b87a31da41eeaaf9c5e66004 missing'. Treating as empty.
2025-05-21 17:18:30,064 - source.metrics.quality.code_movement - WARNING - Could not retrieve source code for reader\src\ASTRv2\astr-i18n in commit 2c423029d68b8ee9feb420c3f57c5a9f6e0f97a1: SHA b'3de15d910274ed095a967e76d3208fa7bfe9eee2' could not be resolved, git returned: b'3de15d910274ed095a967e76d3208fa7bfe9eee2 missing'
2025-05-21 17:18:30,112 - source.metrics.quality.test_doc_pct - DEBUG - Could not retrieve source code for astr-i18n (commit 2c423029d68b8ee9feb420c3f57c5a9f6e0f97a1): SHA b'3de15d910274ed095a967e76d3208fa7bfe9eee2' could not be resolved, git returned: b'3de15d910274ed095a967e76d3208fa7bfe9eee2 missing'. Treating as empty.
2025-05-21 17:18:30,533 - source.metrics.quality.code_movement - WARNING - Could not retrieve source code for reader\src\ASTRv2\astr-i18n in commit 2c423029d68b8ee9feb420c3f57c5a9f6e0f97a1: SHA b'3de15d910274ed095a967e76d3208fa7bfe9eee2' could not be resolved, git returned: b'3de15d910274ed095a967e76d3208fa7bfe9eee2 missing'
2025-05-21 17:18:30,583 - source.metrics.quality.test_doc_pct - DEBUG - Could not retrieve source code for astr-i18n (commit 2c423029d68b8ee9feb420c3f57c5a9f6e0f97a1): SHA b'3de15d910274ed095a967e76d3208fa7bfe9eee2' could not be resolved, git returned: b'3de15d910274ed095a967e76d3208fa7bfe9eee2 missing'. Treating as empty.
2025-05-21 17:18:31,028 - source.metrics.quality.code_movement - WARNING - Could not retrieve source code for reader\src\ASTRv2\astr-i18n in commit 1c2f8de1308e4ad5a4a167f030abab85c20a5203: SHA b'712ad9db7ca652b4c011289f5de1a087800e7a81' could not be resolved, git returned: b'712ad9db7ca652b4c011289f5de1a087800e7a81 missing'
2025-05-21 17:18:31,087 - source.metrics.quality.test_doc_pct - DEBUG - Could not retrieve source code for astr-i18n (commit 1c2f8de1308e4ad5a4a167f030abab85c20a5203): SHA b'712ad9db7ca652b4c011289f5de1a087800e7a81' could not be resolved, git returned: b'712ad9db7ca652b4c011289f5de1a087800e7a81 missing'. Treating as empty.
2025-05-21 17:18:31,481 - source.metrics.quality.code_movement - WARNING - Could not retrieve source code for reader\src\ASTRv2\astr-i18n in commit 27d584dab0c696def8e756946c87ff1908b012b0: SHA b'611bf0183f3a481d96e367f055f3570689efdbc9' could not be resolved, git returned: b'611bf0183f3a481d96e367f055f3570689efdbc9 missing'
2025-05-21 17:18:31,527 - source.metrics.quality.test_doc_pct - DEBUG - Could not retrieve source code for astr-i18n (commit 27d584dab0c696def8e756946c87ff1908b012b0): SHA b'611bf0183f3a481d96e367f055f3570689efdbc9' could not be resolved, git returned: b'611bf0183f3a481d96e367f055f3570689efdbc9 missing'. Treating as empty.
2025-05-21 17:18:31,923 - source.metrics.quality.code_movement - WARNING - Could not retrieve source code for reader\src\ASTRv2\astr-i18n in commit 27d584dab0c696def8e756946c87ff1908b012b0: SHA b'611bf0183f3a481d96e367f055f3570689efdbc9' could not be resolved, git returned: b'611bf0183f3a481d96e367f055f3570689efdbc9 missing'
2025-05-21 17:18:31,969 - source.metrics.quality.test_doc_pct - DEBUG - Could not retrieve source code for astr-i18n (commit 27d584dab0c696def8e756946c87ff1908b012b0): SHA b'611bf0183f3a481d96e367f055f3570689efdbc9' could not be resolved, git returned: b'611bf0183f3a481d96e367f055f3570689efdbc9 missing'. Treating as empty.
2025-05-21 17:18:34,823 - source.metrics.quality.code_movement - WARNING - Could not retrieve source code for reader\src\ASTRv2\astr-i18n in commit 65ac5e560ae27e9ce7afb7da956b1a1cd8d8d2f4: SHA b'efc8f7907fd51585a672c4f8ffebaffa4b2c106b' could not be resolved, git returned: b'efc8f7907fd51585a672c4f8ffebaffa4b2c106b missing'
2025-05-21 17:18:34,911 - source.metrics.quality.test_doc_pct - DEBUG - Could not retrieve source code for astr-i18n (commit 65ac5e560ae27e9ce7afb7da956b1a1cd8d8d2f4): SHA b'efc8f7907fd51585a672c4f8ffebaffa4b2c106b' could not be resolved, git returned: b'efc8f7907fd51585a672c4f8ffebaffa4b2c106b missing'. Treating as empty.
2025-05-21 17:18:35,652 - source.metrics.quality.code_movement - WARNING - Could not retrieve source code for reader\src\ASTRv2\astr-i18n in commit 65ac5e560ae27e9ce7afb7da956b1a1cd8d8d2f4: SHA b'efc8f7907fd51585a672c4f8ffebaffa4b2c106b' could not be resolved, git returned: b'efc8f7907fd51585a672c4f8ffebaffa4b2c106b missing'
2025-05-21 17:18:35,741 - source.metrics.quality.test_doc_pct - DEBUG - Could not retrieve source code for astr-i18n (commit 65ac5e560ae27e9ce7afb7da956b1a1cd8d8d2f4): SHA b'efc8f7907fd51585a672c4f8ffebaffa4b2c106b' could not be resolved, git returned: b'efc8f7907fd51585a672c4f8ffebaffa4b2c106b missing'. Treating as empty.
2025-05-21 17:18:38,144 - source.metrics.quality.test_doc_pct - DEBUG - Source code is None for favicon.ico in commit fa4beb0b9a01e6eb12dbb25c8648040139cf59bf (before decoding). Treating as empty.
2025-05-21 17:18:38,753 - source.metrics.quality.test_doc_pct - DEBUG - Source code is None for favicon.ico in commit fa4beb0b9a01e6eb12dbb25c8648040139cf59bf (before decoding). Treating as empty.
2025-05-21 17:18:44,678 - source.metrics.quality.test_doc_pct - DEBUG - Source code is None for Weekly.yml in commit d30100635068e4ae8bb451f32d64a601ad0993c1 (before decoding). Treating as empty.
2025-05-21 17:18:45,134 - source.metrics.quality.test_doc_pct - DEBUG - Source code is None for Weekly.yml in commit d30100635068e4ae8bb451f32d64a601ad0993c1 (before decoding). Treating as empty.
2025-05-21 17:18:59,225 - source.metrics.quality.code_movement - WARNING - Could not retrieve source code for reader\src\ASTRv2\astr-i18n in commit a63f876b0a990a466d213a9d26bef081cf9ed35e: SHA b'94828fa247d2c597213bb28925ec2284a6bf4e1c' could not be resolved, git returned: b'94828fa247d2c597213bb28925ec2284a6bf4e1c missing'
2025-05-21 17:18:59,268 - source.metrics.quality.test_doc_pct - DEBUG - Could not retrieve source code for astr-i18n (commit a63f876b0a990a466d213a9d26bef081cf9ed35e): SHA b'94828fa247d2c597213bb28925ec2284a6bf4e1c' could not be resolved, git returned: b'94828fa247d2c597213bb28925ec2284a6bf4e1c missing'. Treating as empty.
2025-05-21 17:18:59,665 - source.metrics.quality.code_movement - WARNING - Could not retrieve source code for reader\src\ASTRv2\astr-i18n in commit a63f876b0a990a466d213a9d26bef081cf9ed35e: SHA b'94828fa247d2c597213bb28925ec2284a6bf4e1c' could not be resolved, git returned: b'94828fa247d2c597213bb28925ec2284a6bf4e1c missing'
2025-05-21 17:18:59,722 - source.metrics.quality.test_doc_pct - DEBUG - Could not retrieve source code for astr-i18n (commit a63f876b0a990a466d213a9d26bef081cf9ed35e): SHA b'94828fa247d2c597213bb28925ec2284a6bf4e1c' could not be resolved, git returned: b'94828fa247d2c597213bb28925ec2284a6bf4e1c missing'. Treating as empty.
2025-05-21 17:19:00,151 - source.metrics.quality.code_movement - WARNING - Could not retrieve source code for reader\src\ASTRv2\astr-i18n in commit 4a03d4048c1d44d059670ec05bbbdc97bd5ce11a: SHA b'2971ae894ffe1659e91d98d81cce3bd48bc1b561' could not be resolved, git returned: b'2971ae894ffe1659e91d98d81cce3bd48bc1b561 missing'
2025-05-21 17:19:00,199 - source.metrics.quality.test_doc_pct - DEBUG - Could not retrieve source code for astr-i18n (commit 4a03d4048c1d44d059670ec05bbbdc97bd5ce11a): SHA b'2971ae894ffe1659e91d98d81cce3bd48bc1b561' could not be resolved, git returned: b'2971ae894ffe1659e91d98d81cce3bd48bc1b561 missing'. Treating as empty.
2025-05-21 17:19:00,624 - source.metrics.quality.code_movement - WARNING - Could not retrieve source code for reader\src\ASTRv2\astr-i18n in commit 4a03d4048c1d44d059670ec05bbbdc97bd5ce11a: SHA b'2971ae894ffe1659e91d98d81cce3bd48bc1b561' could not be resolved, git returned: b'2971ae894ffe1659e91d98d81cce3bd48bc1b561 missing'
2025-05-21 17:19:00,671 - source.metrics.quality.test_doc_pct - DEBUG - Could not retrieve source code for astr-i18n (commit 4a03d4048c1d44d059670ec05bbbdc97bd5ce11a): SHA b'2971ae894ffe1659e91d98d81cce3bd48bc1b561' could not be resolved, git returned: b'2971ae894ffe1659e91d98d81cce3bd48bc1b561 missing'. Treating as empty.
2025-05-21 17:19:02,247 - source.metrics.quality.code_movement - WARNING - Could not retrieve source code for reader\src\ASTRv2\astr-i18n in commit e4e3910e155d971594593c1a4735999948c8d366: SHA b'9debff2d2bbd497b5e376ba21b6ae1f686dc5530' could not be resolved, git returned: b'9debff2d2bbd497b5e376ba21b6ae1f686dc5530 missing'
2025-05-21 17:19:02,328 - source.metrics.quality.test_doc_pct - DEBUG - Could not retrieve source code for astr-i18n (commit e4e3910e155d971594593c1a4735999948c8d366): SHA b'9debff2d2bbd497b5e376ba21b6ae1f686dc5530' could not be resolved, git returned: b'9debff2d2bbd497b5e376ba21b6ae1f686dc5530 missing'. Treating as empty.
2025-05-21 17:19:02,968 - source.metrics.quality.code_movement - WARNING - Could not retrieve source code for reader\src\ASTRv2\astr-i18n in commit e4e3910e155d971594593c1a4735999948c8d366: SHA b'9debff2d2bbd497b5e376ba21b6ae1f686dc5530' could not be resolved, git returned: b'9debff2d2bbd497b5e376ba21b6ae1f686dc5530 missing'
2025-05-21 17:19:03,055 - source.metrics.quality.test_doc_pct - DEBUG - Could not retrieve source code for astr-i18n (commit e4e3910e155d971594593c1a4735999948c8d366): SHA b'9debff2d2bbd497b5e376ba21b6ae1f686dc5530' could not be resolved, git returned: b'9debff2d2bbd497b5e376ba21b6ae1f686dc5530 missing'. Treating as empty.
2025-05-21 17:19:04,037 - source.metrics.quality.code_movement - WARNING - Could not retrieve source code for reader\src\ASTRv2\astr-i18n in commit 7426696e6e4ae22122034e3eb8ef892181595090: SHA b'7fac6d7889ac061530a5e1bae9fb7d68095db5a6' could not be resolved, git returned: b'7fac6d7889ac061530a5e1bae9fb7d68095db5a6 missing'
2025-05-21 17:19:04,099 - source.metrics.quality.test_doc_pct - DEBUG - Could not retrieve source code for astr-i18n (commit 7426696e6e4ae22122034e3eb8ef892181595090): SHA b'7fac6d7889ac061530a5e1bae9fb7d68095db5a6' could not be resolved, git returned: b'7fac6d7889ac061530a5e1bae9fb7d68095db5a6 missing'. Treating as empty.
2025-05-21 17:19:04,619 - source.metrics.quality.code_movement - WARNING - Could not retrieve source code for reader\src\ASTRv2\astr-i18n in commit 7426696e6e4ae22122034e3eb8ef892181595090: SHA b'7fac6d7889ac061530a5e1bae9fb7d68095db5a6' could not be resolved, git returned: b'7fac6d7889ac061530a5e1bae9fb7d68095db5a6 missing'
2025-05-21 17:19:04,681 - source.metrics.quality.test_doc_pct - DEBUG - Could not retrieve source code for astr-i18n (commit 7426696e6e4ae22122034e3eb8ef892181595090): SHA b'7fac6d7889ac061530a5e1bae9fb7d68095db5a6' could not be resolved, git returned: b'7fac6d7889ac061530a5e1bae9fb7d68095db5a6 missing'. Treating as empty.
2025-05-21 17:19:04,686 - source.metrics.aggregator - DEBUG - Processed 400/404 commits
2025-05-21 17:19:04,694 - source.memory_scheduler - DEBUG - Memory check: Current usage 40.1%, Limit 85%
2025-05-21 17:19:05,113 - source.metrics.quality.code_movement - WARNING - Could not retrieve source code for reader\src\ASTRv2\astr-i18n in commit 11f8657848ca15bf416a5acaca8b282153f927b2: SHA b'dd8acc0cf9a3a46f95c91268a2c133aa3ed17ff3' could not be resolved, git returned: b'dd8acc0cf9a3a46f95c91268a2c133aa3ed17ff3 missing'
2025-05-21 17:19:05,161 - source.metrics.quality.test_doc_pct - DEBUG - Could not retrieve source code for astr-i18n (commit 11f8657848ca15bf416a5acaca8b282153f927b2): SHA b'dd8acc0cf9a3a46f95c91268a2c133aa3ed17ff3' could not be resolved, git returned: b'dd8acc0cf9a3a46f95c91268a2c133aa3ed17ff3 missing'. Treating as empty.
2025-05-21 17:19:05,578 - source.metrics.quality.code_movement - WARNING - Could not retrieve source code for reader\src\ASTRv2\astr-i18n in commit 11f8657848ca15bf416a5acaca8b282153f927b2: SHA b'dd8acc0cf9a3a46f95c91268a2c133aa3ed17ff3' could not be resolved, git returned: b'dd8acc0cf9a3a46f95c91268a2c133aa3ed17ff3 missing'
2025-05-21 17:19:05,626 - source.metrics.quality.test_doc_pct - DEBUG - Could not retrieve source code for astr-i18n (commit 11f8657848ca15bf416a5acaca8b282153f927b2): SHA b'dd8acc0cf9a3a46f95c91268a2c133aa3ed17ff3' could not be resolved, git returned: b'dd8acc0cf9a3a46f95c91268a2c133aa3ed17ff3 missing'. Treating as empty.
2025-05-21 17:19:06,521 - source.metrics.aggregator - DEBUG - Processed 404/404 commits
2025-05-21 17:19:07,111 - source.analysis - DEBUG - Finished process_single_repo for ArknightsStoryTextReader
2025-05-21 17:19:07,325 - source.analysis - DEBUG - Combined analysis complete for 050644zf all repositories!
2025-05-21 17:19:07,325 - source.analysis - DEBUG - Found JSON files: ['H:\\Py\\GitIn\\output\\data\\050644zf\\050644zf_050644zf.github.io_full_history_analysis.json']
2025-05-21 17:19:07,326 - source.analysis - DEBUG - Found JSON files: ['H:\\Py\\GitIn\\output\\data\\050644zf\\050644zf_ArknightsStoryTextReader_full_history_analysis.json']
2025-05-21 17:19:07,344 - __main__ - INFO - User 050644zf successfully completed
2025-05-21 17:19:07,344 - __main__ - DEBUG - Marking as processed: https://github.com/050644zf/050644zf.github.io [hash: 047cfee6171dd169ea7ec2fbb79a2f56]
2025-05-21 17:19:07,344 - __main__ - DEBUG - Marking as processed: https://github.com/050644zf/ArknightsStoryTextReader [hash: 13b1060b2d3250390b53d629e6141d20]
2025-05-21 17:19:07,348 - __main__ - INFO - Processing time for 050644zf: 620.68s
2025-05-21 17:19:07,349 - __main__ - INFO - 
================================================================================
2025-05-21 17:19:07,349 - __main__ - INFO - ANALYSIS COMPLETE!
2025-05-21 17:19:07,349 - __main__ - INFO - Successfully processed 1 users
2025-05-21 17:19:07,349 - __main__ - INFO - Total processing time: 620.69s
2025-05-21 17:19:07,349 - __main__ - INFO - ================================================================================
2025-05-21 17:19:07,349 - __main__ - INFO - Performing final cleanup of temporary directories...
2025-05-21 17:19:07,353 - __main__ - INFO - Temporary directories cleanup completed.
